2025-02-07 01:34:03.401 INFO  org.hibernate.validator.internal.util.Version     :21   [32m                  [0;39m HV000001: Hibernate Validator 8.0.0.Final
2025-02-07 01:34:03.457 INFO  com.java.member.config.MemberApplication          :51   [32m                  [0;39m Starting MemberApplication using Java 17.0.2 with PID 192104 (D:\Java_Project\train\member\target\classes started by ShaoyuChen in D:\Java_Project\train)
2025-02-07 01:34:03.457 INFO  com.java.member.config.MemberApplication          :630  [32m                  [0;39m No active profile set, falling back to 1 default profile: "default"
2025-02-07 01:34:04.228 INFO  o.springframework.cloud.context.scope.GenericScope:282  [32m                  [0;39m BeanFactory id=0b7e6759-dcc9-32ec-80cf-617c9a51bff2
2025-02-07 01:34:04.706 INFO  o.s.boot.web.embedded.tomcat.TomcatWebServer      :114  [32m                  [0;39m Tomcat initialized with port(s): 8002 (http)
2025-02-07 01:34:04.716 INFO  org.apache.coyote.http11.Http11NioProtocol        :173  [32m                  [0;39m Initializing ProtocolHandler ["http-nio-8002"]
2025-02-07 01:34:04.717 INFO  org.apache.catalina.core.StandardService          :173  [32m                  [0;39m Starting service [Tomcat]
2025-02-07 01:34:04.717 INFO  org.apache.catalina.core.StandardEngine           :173  [32m                  [0;39m Starting Servlet engine: [Apache Tomcat/10.1.1]
2025-02-07 01:34:04.831 INFO  o.a.c.c.C.[Tomcat].[localhost].[/member]          :173  [32m                  [0;39m Initializing Spring embedded WebApplicationContext
2025-02-07 01:34:04.832 INFO  o.s.b.w.s.c.ServletWebServerApplicationContext    :291  [32m                  [0;39m Root WebApplicationContext: initialization completed in 1327 ms
2025-02-07 01:34:05.902 INFO  org.apache.coyote.http11.Http11NioProtocol        :173  [32m                  [0;39m Starting ProtocolHandler ["http-nio-8002"]
2025-02-07 01:34:05.928 INFO  o.s.boot.web.embedded.tomcat.TomcatWebServer      :226  [32m                  [0;39m Tomcat started on port(s): 8002 (http) with context path '/member'
2025-02-07 01:34:06.141 INFO  com.java.member.config.MemberApplication          :57   [32m                  [0;39m Started MemberApplication in 3.388 seconds (process running for 4.295)
2025-02-07 01:34:06.146 INFO  com.java.member.config.MemberApplication          :23   [32m                  [0;39m Success Start!
2025-02-07 01:34:06.147 INFO  com.java.member.config.MemberApplication          :24   [32m                  [0;39m Listening on 	http://127.0.0.1:8002/member
2025-02-07 01:34:27.349 INFO  o.a.c.c.C.[Tomcat].[localhost].[/member]          :173  [32m                  [0;39m Initializing Spring DispatcherServlet 'dispatcherServlet'
2025-02-07 01:34:27.349 INFO  org.springframework.web.servlet.DispatcherServlet :525  [32m                  [0;39m Initializing Servlet 'dispatcherServlet'
2025-02-07 01:34:27.350 INFO  org.springframework.web.servlet.DispatcherServlet :547  [32m                  [0;39m Completed initialization in 0 ms
2025-02-07 01:34:27.455 ERROR c.j.t.common.controller.ControllerExceptionHandler:65   [32m                  [0;39m validation errorï¼šPhone number can't be empty
2025-02-07 01:34:46.129 INFO  com.java.train.common.aspect.LogAspect            :49   [32m                  [0;39m ------------- å¼€å§‹ -------------
2025-02-07 01:34:46.130 INFO  com.java.train.common.aspect.LogAspect            :50   [32m                  [0;39m è¯·æ±‚åœ°å€: http://localhost:8002/member/member/send-code POST
2025-02-07 01:34:46.130 INFO  com.java.train.common.aspect.LogAspect            :51   [32m                  [0;39m ç±»åæ–¹æ³•: com.java.member.controller.MemberController.sendCode
2025-02-07 01:34:46.130 INFO  com.java.train.common.aspect.LogAspect            :52   [32m                  [0;39m è¿œç¨‹åœ°å€: 0:0:0:0:0:0:0:1
2025-02-07 01:34:46.180 INFO  com.java.train.common.aspect.LogAspect            :73   [32m                  [0;39m è¯·æ±‚å‚æ•°: [{"mobile":"17182569875"}]
2025-02-07 01:34:46.229 INFO  com.zaxxer.hikari.HikariDataSource                :110  [32m                  [0;39m HikariPool-1 - Starting...
2025-02-07 01:34:49.847 ERROR c.j.t.common.controller.ControllerExceptionHandler:65   [32m                  [0;39m validation errorï¼šPhone number can't be empty
2025-02-07 01:35:00.285 INFO  com.zaxxer.hikari.pool.HikariPool                 :565  [32m                  [0;39m HikariPool-1 - Added connection com.mysql.cj.jdbc.ConnectionImpl@28aa98ed
2025-02-07 01:35:00.288 INFO  com.zaxxer.hikari.HikariDataSource                :123  [32m                  [0;39m HikariPool-1 - Start completed.
2025-02-07 01:35:00.295 DEBUG c.java.member.mapper.MemberMapper.selectByExample :135  [32m                  [0;39m ==>  Preparing: select id, mobile from member WHERE ( mobile = ? )
2025-02-07 01:35:00.321 DEBUG c.java.member.mapper.MemberMapper.selectByExample :135  [32m                  [0;39m ==> Parameters: 17182569875(String)
2025-02-07 01:35:00.600 TRACE c.java.member.mapper.MemberMapper.selectByExample :141  [32m                  [0;39m <==    Columns: id, mobile
2025-02-07 01:35:00.600 TRACE c.java.member.mapper.MemberMapper.selectByExample :141  [32m                  [0;39m <==        Row: 1887584029226700800, 17182569875
2025-02-07 01:35:00.603 DEBUG c.java.member.mapper.MemberMapper.selectByExample :135  [32m                  [0;39m <==      Total: 1
2025-02-07 01:35:00.614 INFO  com.java.member.service.MemberService             :70   [32m                  [0;39m Already register
2025-02-07 01:35:00.620 INFO  com.java.member.service.MemberService             :74   [32m                  [0;39m One time code send:8888
2025-02-07 01:35:00.620 INFO  com.java.member.service.MemberService             :77   [32m                  [0;39m save OTC
2025-02-07 01:35:00.621 INFO  com.java.member.service.MemberService             :79   [32m                  [0;39m send otc
2025-02-07 01:35:00.626 INFO  com.java.train.common.aspect.LogAspect            :85   [32m                  [0;39m è¿”å›žç»“æžœ: {"success":true}
2025-02-07 01:35:00.627 INFO  com.java.train.common.aspect.LogAspect            :86   [32m                  [0;39m ------------- ç»“æŸ è€—æ—¶ï¼š14499 ms -------------
2025-02-07 01:35:23.829 INFO  com.zaxxer.hikari.HikariDataSource                :350  [32m                  [0;39m HikariPool-1 - Shutdown initiated...
2025-02-07 01:35:23.834 INFO  com.zaxxer.hikari.HikariDataSource                :352  [32m                  [0;39m HikariPool-1 - Shutdown completed.
2025-02-07 01:35:28.233 INFO  org.hibernate.validator.internal.util.Version     :21   [32m                  [0;39m HV000001: Hibernate Validator 8.0.0.Final
2025-02-07 01:35:28.279 INFO  com.java.member.config.MemberApplication          :51   [32m                  [0;39m Starting MemberApplication using Java 17.0.2 with PID 306076 (D:\Java_Project\train\member\target\classes started by ShaoyuChen in D:\Java_Project\train)
2025-02-07 01:35:28.281 INFO  com.java.member.config.MemberApplication          :630  [32m                  [0;39m No active profile set, falling back to 1 default profile: "default"
2025-02-07 01:35:28.971 INFO  o.springframework.cloud.context.scope.GenericScope:282  [32m                  [0;39m BeanFactory id=0b7e6759-dcc9-32ec-80cf-617c9a51bff2
2025-02-07 01:35:29.379 INFO  o.s.boot.web.embedded.tomcat.TomcatWebServer      :114  [32m                  [0;39m Tomcat initialized with port(s): 8002 (http)
2025-02-07 01:35:29.386 INFO  org.apache.coyote.http11.Http11NioProtocol        :173  [32m                  [0;39m Initializing ProtocolHandler ["http-nio-8002"]
2025-02-07 01:35:29.387 INFO  org.apache.catalina.core.StandardService          :173  [32m                  [0;39m Starting service [Tomcat]
2025-02-07 01:35:29.387 INFO  org.apache.catalina.core.StandardEngine           :173  [32m                  [0;39m Starting Servlet engine: [Apache Tomcat/10.1.1]
2025-02-07 01:35:29.480 INFO  o.a.c.c.C.[Tomcat].[localhost].[/member]          :173  [32m                  [0;39m Initializing Spring embedded WebApplicationContext
2025-02-07 01:35:29.480 INFO  o.s.b.w.s.c.ServletWebServerApplicationContext    :291  [32m                  [0;39m Root WebApplicationContext: initialization completed in 1148 ms
2025-02-07 01:35:30.453 INFO  org.apache.coyote.http11.Http11NioProtocol        :173  [32m                  [0;39m Starting ProtocolHandler ["http-nio-8002"]
2025-02-07 01:35:30.473 INFO  o.s.boot.web.embedded.tomcat.TomcatWebServer      :226  [32m                  [0;39m Tomcat started on port(s): 8002 (http) with context path '/member'
2025-02-07 01:35:30.647 INFO  com.java.member.config.MemberApplication          :57   [32m                  [0;39m Started MemberApplication in 3.036 seconds (process running for 3.638)
2025-02-07 01:35:30.651 INFO  com.java.member.config.MemberApplication          :23   [32m                  [0;39m Success Start!
2025-02-07 01:35:30.652 INFO  com.java.member.config.MemberApplication          :24   [32m                  [0;39m Listening on 	http://127.0.0.1:8002/member
2025-02-07 01:35:42.919 INFO  o.a.c.c.C.[Tomcat].[localhost].[/member]          :173  [32m                  [0;39m Initializing Spring DispatcherServlet 'dispatcherServlet'
2025-02-07 01:35:42.920 INFO  org.springframework.web.servlet.DispatcherServlet :525  [32m                  [0;39m Initializing Servlet 'dispatcherServlet'
2025-02-07 01:35:42.920 INFO  org.springframework.web.servlet.DispatcherServlet :547  [32m                  [0;39m Completed initialization in 0 ms
2025-02-07 01:35:43.062 INFO  com.java.train.common.aspect.LogAspect            :49   [32m                  [0;39m ------------- å¼€å§‹ -------------
2025-02-07 01:35:43.063 INFO  com.java.train.common.aspect.LogAspect            :50   [32m                  [0;39m è¯·æ±‚åœ°å€: http://localhost:8002/member/member/login POST
2025-02-07 01:35:43.063 INFO  com.java.train.common.aspect.LogAspect            :51   [32m                  [0;39m ç±»åæ–¹æ³•: com.java.member.controller.MemberController.login
2025-02-07 01:35:43.063 INFO  com.java.train.common.aspect.LogAspect            :52   [32m                  [0;39m è¿œç¨‹åœ°å€: 0:0:0:0:0:0:0:1
2025-02-07 01:35:43.112 INFO  com.java.train.common.aspect.LogAspect            :73   [32m                  [0;39m è¯·æ±‚å‚æ•°: [{"code":"8888","mobile":"17182569875"}]
2025-02-07 01:35:43.158 INFO  com.zaxxer.hikari.HikariDataSource                :110  [32m                  [0;39m HikariPool-1 - Starting...
2025-02-07 01:35:45.628 INFO  com.zaxxer.hikari.pool.HikariPool                 :565  [32m                  [0;39m HikariPool-1 - Added connection com.mysql.cj.jdbc.ConnectionImpl@41cf3c94
2025-02-07 01:35:45.630 INFO  com.zaxxer.hikari.HikariDataSource                :123  [32m                  [0;39m HikariPool-1 - Start completed.
2025-02-07 01:35:45.637 DEBUG c.java.member.mapper.MemberMapper.selectByExample :135  [32m                  [0;39m ==>  Preparing: select id, mobile from member WHERE ( mobile = ? )
2025-02-07 01:35:45.653 DEBUG c.java.member.mapper.MemberMapper.selectByExample :135  [32m                  [0;39m ==> Parameters: 17182569875(String)
2025-02-07 01:35:45.903 TRACE c.java.member.mapper.MemberMapper.selectByExample :141  [32m                  [0;39m <==    Columns: id, mobile
2025-02-07 01:35:45.903 TRACE c.java.member.mapper.MemberMapper.selectByExample :141  [32m                  [0;39m <==        Row: 1887584029226700800, 17182569875
2025-02-07 01:35:45.904 DEBUG c.java.member.mapper.MemberMapper.selectByExample :135  [32m                  [0;39m <==      Total: 1
2025-02-07 01:35:45.910 INFO  com.java.member.service.MemberService             :92   [32m                  [0;39m 8888
2025-02-07 01:35:45.952 INFO  com.java.train.common.aspect.LogAspect            :85   [32m                  [0;39m è¿”å›žç»“æžœ: {"content":{"id":1887584029226700800,"mobile":"17182569875"},"success":true}
2025-02-07 01:35:45.952 INFO  com.java.train.common.aspect.LogAspect            :86   [32m                  [0;39m ------------- ç»“æŸ è€—æ—¶ï¼š2892 ms -------------
2025-02-07 16:04:14.455 INFO  com.java.train.common.aspect.LogAspect            :49   [32m                  [0;39m ------------- å¼€å§‹ -------------
2025-02-07 16:04:14.469 INFO  com.java.train.common.aspect.LogAspect            :50   [32m                  [0;39m è¯·æ±‚åœ°å€: http://localhost:8002/member/member/login POST
2025-02-07 16:04:14.470 INFO  com.java.train.common.aspect.LogAspect            :51   [32m                  [0;39m ç±»åæ–¹æ³•: com.java.member.controller.MemberController.login
2025-02-07 16:04:14.470 INFO  com.java.train.common.aspect.LogAspect            :52   [32m                  [0;39m è¿œç¨‹åœ°å€: 0:0:0:0:0:0:0:1
2025-02-07 16:04:14.473 INFO  com.java.train.common.aspect.LogAspect            :73   [32m                  [0;39m è¯·æ±‚å‚æ•°: [{"code":"8888","mobile":"17182569875"}]
2025-02-07 16:04:14.690 DEBUG c.java.member.mapper.MemberMapper.selectByExample :135  [32m                  [0;39m ==>  Preparing: select id, mobile from member WHERE ( mobile = ? )
2025-02-07 16:04:14.695 DEBUG c.java.member.mapper.MemberMapper.selectByExample :135  [32m                  [0;39m ==> Parameters: 17182569875(String)
2025-02-07 16:04:14.928 TRACE c.java.member.mapper.MemberMapper.selectByExample :141  [32m                  [0;39m <==    Columns: id, mobile
2025-02-07 16:04:14.929 TRACE c.java.member.mapper.MemberMapper.selectByExample :141  [32m                  [0;39m <==        Row: 1887584029226700800, 17182569875
2025-02-07 16:04:14.929 DEBUG c.java.member.mapper.MemberMapper.selectByExample :135  [32m                  [0;39m <==      Total: 1
2025-02-07 16:04:14.931 INFO  com.java.member.service.MemberService             :92   [32m                  [0;39m 8888
2025-02-07 16:04:14.934 INFO  com.java.train.common.aspect.LogAspect            :85   [32m                  [0;39m è¿”å›žç»“æžœ: {"content":{"id":1887584029226700800,"mobile":"17182569875"},"success":true}
2025-02-07 16:04:14.934 INFO  com.java.train.common.aspect.LogAspect            :86   [32m                  [0;39m ------------- ç»“æŸ è€—æ—¶ï¼š480 ms -------------
2025-02-07 16:05:01.133 ERROR c.j.t.common.controller.ControllerExceptionHandler:65   [32m                  [0;39m validation errorï¼šPlease enter one time code
2025-02-07 16:05:08.700 INFO  com.java.train.common.aspect.LogAspect            :49   [32m                  [0;39m ------------- å¼€å§‹ -------------
2025-02-07 16:05:08.701 INFO  com.java.train.common.aspect.LogAspect            :50   [32m                  [0;39m è¯·æ±‚åœ°å€: http://localhost:8002/member/member/login POST
2025-02-07 16:05:08.701 INFO  com.java.train.common.aspect.LogAspect            :51   [32m                  [0;39m ç±»åæ–¹æ³•: com.java.member.controller.MemberController.login
2025-02-07 16:05:08.701 INFO  com.java.train.common.aspect.LogAspect            :52   [32m                  [0;39m è¿œç¨‹åœ°å€: 0:0:0:0:0:0:0:1
2025-02-07 16:05:08.701 INFO  com.java.train.common.aspect.LogAspect            :73   [32m                  [0;39m è¯·æ±‚å‚æ•°: [{"code":"8888","mobile":"17182569875"}]
2025-02-07 16:05:08.908 DEBUG c.java.member.mapper.MemberMapper.selectByExample :135  [32m                  [0;39m ==>  Preparing: select id, mobile from member WHERE ( mobile = ? )
2025-02-07 16:05:08.909 DEBUG c.java.member.mapper.MemberMapper.selectByExample :135  [32m                  [0;39m ==> Parameters: 17182569875(String)
2025-02-07 16:05:09.113 TRACE c.java.member.mapper.MemberMapper.selectByExample :141  [32m                  [0;39m <==    Columns: id, mobile
2025-02-07 16:05:09.114 TRACE c.java.member.mapper.MemberMapper.selectByExample :141  [32m                  [0;39m <==        Row: 1887584029226700800, 17182569875
2025-02-07 16:05:09.116 DEBUG c.java.member.mapper.MemberMapper.selectByExample :135  [32m                  [0;39m <==      Total: 1
2025-02-07 16:05:09.116 INFO  com.java.member.service.MemberService             :92   [32m                  [0;39m 8888
2025-02-07 16:05:09.116 INFO  com.java.train.common.aspect.LogAspect            :85   [32m                  [0;39m è¿”å›žç»“æžœ: {"content":{"id":1887584029226700800,"mobile":"17182569875"},"success":true}
2025-02-07 16:05:09.117 INFO  com.java.train.common.aspect.LogAspect            :86   [32m                  [0;39m ------------- ç»“æŸ è€—æ—¶ï¼š417 ms -------------
