2025-01-15 10:49:45.187 INFO  com.java.member.config.MemberApplication          :51   [32m                  [0;39m Starting MemberApplication using Java 17.0.2 with PID 10600 (D:\Java_Project\train\member\target\classes started by ShaoyuChen in D:\Java_Project\train)
2025-01-15 10:49:45.193 INFO  com.java.member.config.MemberApplication          :630  [32m                  [0;39m No active profile set, falling back to 1 default profile: "default"
2025-01-15 10:49:45.241 INFO  o.s.b.d.env.DevToolsPropertyDefaultsPostProcessor :250  [32m                  [0;39m Devtools property defaults active! Set 'spring.devtools.add-properties' to 'false' to disable
2025-01-15 10:49:45.241 INFO  o.s.b.d.env.DevToolsPropertyDefaultsPostProcessor :250  [32m                  [0;39m For additional web related logging consider setting the 'logging.level.web' property to 'DEBUG'
2025-01-15 10:49:45.909 INFO  o.springframework.cloud.context.scope.GenericScope:282  [32m                  [0;39m BeanFactory id=48127f96-07f5-3ac5-99c5-e6fe52ea15b1
2025-01-15 10:49:46.382 INFO  o.s.boot.web.embedded.tomcat.TomcatWebServer      :114  [32m                  [0;39m Tomcat initialized with port(s): 8001 (http)
2025-01-15 10:49:46.390 INFO  org.apache.coyote.http11.Http11NioProtocol        :173  [32m                  [0;39m Initializing ProtocolHandler ["http-nio-8001"]
2025-01-15 10:49:46.391 INFO  org.apache.catalina.core.StandardService          :173  [32m                  [0;39m Starting service [Tomcat]
2025-01-15 10:49:46.391 INFO  org.apache.catalina.core.StandardEngine           :173  [32m                  [0;39m Starting Servlet engine: [Apache Tomcat/10.1.1]
2025-01-15 10:49:46.448 INFO  o.a.c.core.ContainerBase.[Tomcat].[localhost].[/] :173  [32m                  [0;39m Initializing Spring embedded WebApplicationContext
2025-01-15 10:49:46.448 INFO  o.s.b.w.s.c.ServletWebServerApplicationContext    :291  [32m                  [0;39m Root WebApplicationContext: initialization completed in 1206 ms
2025-01-15 10:49:46.837 INFO  o.s.b.d.autoconfigure.OptionalLiveReloadServer    :59   [32m                  [0;39m LiveReload server is running on port 35729
2025-01-15 10:49:46.993 INFO  org.apache.coyote.http11.Http11NioProtocol        :173  [32m                  [0;39m Starting ProtocolHandler ["http-nio-8001"]
2025-01-15 10:49:47.008 INFO  o.s.boot.web.embedded.tomcat.TomcatWebServer      :226  [32m                  [0;39m Tomcat started on port(s): 8001 (http) with context path ''
2025-01-15 10:49:47.126 INFO  com.java.member.config.MemberApplication          :57   [32m                  [0;39m Started MemberApplication in 2.526 seconds (process running for 3.317)
2025-01-15 10:49:47.128 INFO  com.java.member.config.MemberApplication          :21   [32m                  [0;39m Success Start!
2025-01-15 10:49:47.129 INFO  com.java.member.config.MemberApplication          :22   [32m                  [0;39m Listening on 	http://127.0.0.1:8001
2025-01-15 11:52:14.775 INFO  o.s.b.d.a.LocalDevToolsAutoConfiguration$RestartingClassPathChangeChangedEventListener:211  [32m                  [0;39m Restarting due to 1 class path change (0 additions, 0 deletions, 1 modification)
2025-01-15 11:52:14.790 INFO  org.apache.coyote.http11.Http11NioProtocol        :173  [32m                  [0;39m Pausing ProtocolHandler ["http-nio-8001"]
2025-01-15 11:52:14.790 INFO  org.apache.catalina.core.StandardService          :173  [32m                  [0;39m Stopping service [Tomcat]
2025-01-15 11:52:14.796 INFO  org.apache.coyote.http11.Http11NioProtocol        :173  [32m                  [0;39m Stopping ProtocolHandler ["http-nio-8001"]
2025-01-15 11:52:14.797 INFO  org.apache.coyote.http11.Http11NioProtocol        :173  [32m                  [0;39m Destroying ProtocolHandler ["http-nio-8001"]
2025-01-15 11:52:15.050 INFO  com.java.member.config.MemberApplication          :51   [32m                  [0;39m Starting MemberApplication using Java 17.0.2 with PID 10600 (D:\Java_Project\train\member\target\classes started by ShaoyuChen in D:\Java_Project\train)
2025-01-15 11:52:15.051 INFO  com.java.member.config.MemberApplication          :630  [32m                  [0;39m No active profile set, falling back to 1 default profile: "default"
2025-01-15 11:52:15.245 INFO  o.springframework.cloud.context.scope.GenericScope:282  [32m                  [0;39m BeanFactory id=48127f96-07f5-3ac5-99c5-e6fe52ea15b1
2025-01-15 11:52:15.283 INFO  o.s.boot.web.embedded.tomcat.TomcatWebServer      :114  [32m                  [0;39m Tomcat initialized with port(s): 8001 (http)
2025-01-15 11:52:15.284 INFO  org.apache.coyote.http11.Http11NioProtocol        :173  [32m                  [0;39m Initializing ProtocolHandler ["http-nio-8001"]
2025-01-15 11:52:15.284 INFO  org.apache.catalina.core.StandardService          :173  [32m                  [0;39m Starting service [Tomcat]
2025-01-15 11:52:15.284 INFO  org.apache.catalina.core.StandardEngine           :173  [32m                  [0;39m Starting Servlet engine: [Apache Tomcat/10.1.1]
2025-01-15 11:52:15.300 INFO  o.a.c.core.ContainerBase.[Tomcat].[localhost].[/] :173  [32m                  [0;39m Initializing Spring embedded WebApplicationContext
2025-01-15 11:52:15.301 INFO  o.s.b.w.s.c.ServletWebServerApplicationContext    :291  [32m                  [0;39m Root WebApplicationContext: initialization completed in 246 ms
2025-01-15 11:52:15.363 INFO  o.s.b.d.autoconfigure.OptionalLiveReloadServer    :59   [32m                  [0;39m LiveReload server is running on port 35729
2025-01-15 11:52:15.492 INFO  org.apache.coyote.http11.Http11NioProtocol        :173  [32m                  [0;39m Starting ProtocolHandler ["http-nio-8001"]
2025-01-15 11:52:15.495 INFO  o.s.boot.web.embedded.tomcat.TomcatWebServer      :226  [32m                  [0;39m Tomcat started on port(s): 8001 (http) with context path ''
2025-01-15 11:52:15.613 INFO  com.java.member.config.MemberApplication          :57   [32m                  [0;39m Started MemberApplication in 0.742 seconds (process running for 3751.805)
2025-01-15 11:52:15.615 INFO  o.s.b.d.a.ConditionEvaluationDeltaLoggingListener :63   [32m                  [0;39m Condition evaluation unchanged
2025-01-15 11:52:15.615 INFO  com.java.member.config.MemberApplication          :21   [32m                  [0;39m Success Start!
2025-01-15 11:52:15.616 INFO  com.java.member.config.MemberApplication          :22   [32m                  [0;39m Listening on 	http://127.0.0.1:8001{}
2025-01-15 11:52:36.139 INFO  o.s.b.d.a.LocalDevToolsAutoConfiguration$RestartingClassPathChangeChangedEventListener:211  [32m                  [0;39m Restarting due to 1 class path change (0 additions, 0 deletions, 1 modification)
2025-01-15 11:52:36.149 INFO  org.apache.coyote.http11.Http11NioProtocol        :173  [32m                  [0;39m Pausing ProtocolHandler ["http-nio-8001"]
2025-01-15 11:52:36.149 INFO  org.apache.catalina.core.StandardService          :173  [32m                  [0;39m Stopping service [Tomcat]
2025-01-15 11:52:36.150 INFO  org.apache.coyote.http11.Http11NioProtocol        :173  [32m                  [0;39m Stopping ProtocolHandler ["http-nio-8001"]
2025-01-15 11:52:36.151 INFO  org.apache.coyote.http11.Http11NioProtocol        :173  [32m                  [0;39m Destroying ProtocolHandler ["http-nio-8001"]
2025-01-15 11:52:36.340 INFO  com.java.member.config.MemberApplication          :51   [32m                  [0;39m Starting MemberApplication using Java 17.0.2 with PID 10600 (D:\Java_Project\train\member\target\classes started by ShaoyuChen in D:\Java_Project\train)
2025-01-15 11:52:36.340 INFO  com.java.member.config.MemberApplication          :630  [32m                  [0;39m No active profile set, falling back to 1 default profile: "default"
2025-01-15 11:52:36.482 INFO  o.springframework.cloud.context.scope.GenericScope:282  [32m                  [0;39m BeanFactory id=48127f96-07f5-3ac5-99c5-e6fe52ea15b1
2025-01-15 11:52:36.510 INFO  o.s.boot.web.embedded.tomcat.TomcatWebServer      :114  [32m                  [0;39m Tomcat initialized with port(s): 8001 (http)
2025-01-15 11:52:36.511 INFO  org.apache.coyote.http11.Http11NioProtocol        :173  [32m                  [0;39m Initializing ProtocolHandler ["http-nio-8001"]
2025-01-15 11:52:36.511 INFO  org.apache.catalina.core.StandardService          :173  [32m                  [0;39m Starting service [Tomcat]
2025-01-15 11:52:36.511 INFO  org.apache.catalina.core.StandardEngine           :173  [32m                  [0;39m Starting Servlet engine: [Apache Tomcat/10.1.1]
2025-01-15 11:52:36.526 INFO  o.a.c.core.ContainerBase.[Tomcat].[localhost].[/] :173  [32m                  [0;39m Initializing Spring embedded WebApplicationContext
2025-01-15 11:52:36.526 INFO  o.s.b.w.s.c.ServletWebServerApplicationContext    :291  [32m                  [0;39m Root WebApplicationContext: initialization completed in 183 ms
2025-01-15 11:52:36.570 INFO  o.s.b.d.autoconfigure.OptionalLiveReloadServer    :59   [32m                  [0;39m LiveReload server is running on port 35729
2025-01-15 11:52:36.696 INFO  org.apache.coyote.http11.Http11NioProtocol        :173  [32m                  [0;39m Starting ProtocolHandler ["http-nio-8001"]
2025-01-15 11:52:36.700 INFO  o.s.boot.web.embedded.tomcat.TomcatWebServer      :226  [32m                  [0;39m Tomcat started on port(s): 8001 (http) with context path ''
2025-01-15 11:52:36.814 INFO  com.java.member.config.MemberApplication          :57   [32m                  [0;39m Started MemberApplication in 0.607 seconds (process running for 3773.005)
2025-01-15 11:52:36.815 INFO  o.s.b.d.a.ConditionEvaluationDeltaLoggingListener :63   [32m                  [0;39m Condition evaluation unchanged
2025-01-15 11:52:36.816 INFO  com.java.member.config.MemberApplication          :21   [32m                  [0;39m Success Start!
2025-01-15 11:52:36.816 INFO  com.java.member.config.MemberApplication          :22   [32m                  [0;39m Listening on 	http://127.0.0.1:80018001
2025-01-15 11:54:21.356 INFO  o.s.b.d.a.LocalDevToolsAutoConfiguration$RestartingClassPathChangeChangedEventListener:211  [32m                  [0;39m Restarting due to 2 class path changes (0 additions, 1 deletion, 1 modification)
2025-01-15 11:54:21.366 INFO  org.apache.coyote.http11.Http11NioProtocol        :173  [32m                  [0;39m Pausing ProtocolHandler ["http-nio-8001"]
2025-01-15 11:54:21.367 INFO  org.apache.catalina.core.StandardService          :173  [32m                  [0;39m Stopping service [Tomcat]
2025-01-15 11:54:21.369 INFO  org.apache.coyote.http11.Http11NioProtocol        :173  [32m                  [0;39m Stopping ProtocolHandler ["http-nio-8001"]
2025-01-15 11:54:21.371 INFO  org.apache.coyote.http11.Http11NioProtocol        :173  [32m                  [0;39m Destroying ProtocolHandler ["http-nio-8001"]
2025-01-15 11:54:21.588 INFO  com.java.member.config.MemberApplication          :51   [32m                  [0;39m Starting MemberApplication using Java 17.0.2 with PID 10600 (D:\Java_Project\train\member\target\classes started by ShaoyuChen in D:\Java_Project\train)
2025-01-15 11:54:21.588 INFO  com.java.member.config.MemberApplication          :630  [32m                  [0;39m No active profile set, falling back to 1 default profile: "default"
2025-01-15 11:54:21.745 INFO  o.springframework.cloud.context.scope.GenericScope:282  [32m                  [0;39m BeanFactory id=48127f96-07f5-3ac5-99c5-e6fe52ea15b1
2025-01-15 11:54:21.765 WARN  o.s.b.w.s.c.AnnotationConfigServletWebServerApplicationContext:592  [32m                  [0;39m Exception encountered during context initialization - cancelling refresh attempt: org.springframework.context.ApplicationContextException: Unable to start web server
2025-01-15 11:54:21.772 INFO  o.s.b.a.logging.ConditionEvaluationReportLogger   :82   [32m                  [0;39m 

Error starting ApplicationContext. To display the condition evaluation report re-run your application with 'debug' enabled.
2025-01-15 11:54:21.804 ERROR org.springframework.boot.SpringApplication        :820  [32m                  [0;39m Application run failed
org.springframework.context.ApplicationContextException: Unable to start web server
	at org.springframework.boot.web.servlet.context.ServletWebServerApplicationContext.onRefresh(ServletWebServerApplicationContext.java:164)
	at org.springframework.context.support.AbstractApplicationContext.refresh(AbstractApplicationContext.java:578)
	at org.springframework.boot.web.servlet.context.ServletWebServerApplicationContext.refresh(ServletWebServerApplicationContext.java:146)
	at org.springframework.boot.SpringApplication.refresh(SpringApplication.java:730)
	at org.springframework.boot.SpringApplication.refreshContext(SpringApplication.java:432)
	at org.springframework.boot.SpringApplication.run(SpringApplication.java:308)
	at com.java.member.config.MemberApplication.main(MemberApplication.java:20)
	at java.base/jdk.internal.reflect.NativeMethodAccessorImpl.invoke0(Native Method)
	at java.base/jdk.internal.reflect.NativeMethodAccessorImpl.invoke(NativeMethodAccessorImpl.java:77)
	at java.base/jdk.internal.reflect.DelegatingMethodAccessorImpl.invoke(DelegatingMethodAccessorImpl.java:43)
	at java.base/java.lang.reflect.Method.invoke(Method.java:568)
	at org.springframework.boot.devtools.restart.RestartLauncher.run(RestartLauncher.java:49)
Caused by: org.springframework.beans.factory.BeanCreationException: Error creating bean with name 'tomcatServletWebServerFactory' defined in class path resource [org/springframework/boot/autoconfigure/web/servlet/ServletWebServerFactoryConfiguration$EmbeddedTomcat.class]: ContextPath must start with '/' and not end with '/'
	at org.springframework.beans.factory.support.AbstractAutowireCapableBeanFactory.doCreateBean(AbstractAutowireCapableBeanFactory.java:606)
	at org.springframework.beans.factory.support.AbstractAutowireCapableBeanFactory.createBean(AbstractAutowireCapableBeanFactory.java:521)
	at org.springframework.beans.factory.support.AbstractBeanFactory.lambda$doGetBean$0(AbstractBeanFactory.java:326)
	at org.springframework.beans.factory.support.DefaultSingletonBeanRegistry.getSingleton(DefaultSingletonBeanRegistry.java:234)
	at org.springframework.beans.factory.support.AbstractBeanFactory.doGetBean(AbstractBeanFactory.java:324)
	at org.springframework.beans.factory.support.AbstractBeanFactory.getBean(AbstractBeanFactory.java:205)
	at org.springframework.boot.web.servlet.context.ServletWebServerApplicationContext.getWebServerFactory(ServletWebServerApplicationContext.java:218)
	at org.springframework.boot.web.servlet.context.ServletWebServerApplicationContext.createWebServer(ServletWebServerApplicationContext.java:181)
	at org.springframework.boot.web.servlet.context.ServletWebServerApplicationContext.onRefresh(ServletWebServerApplicationContext.java:161)
	... 11 common frames omitted
Caused by: java.lang.IllegalArgumentException: ContextPath must start with '/' and not end with '/'
	at org.springframework.boot.web.servlet.server.AbstractServletWebServerFactory.checkContextPath(AbstractServletWebServerFactory.java:139)
	at org.springframework.boot.web.servlet.server.AbstractServletWebServerFactory.setContextPath(AbstractServletWebServerFactory.java:128)
	at org.springframework.boot.context.properties.PropertyMapper$Source.to(PropertyMapper.java:293)
	at org.springframework.boot.autoconfigure.web.servlet.ServletWebServerFactoryCustomizer.customize(ServletWebServerFactoryCustomizer.java:76)
	at org.springframework.boot.autoconfigure.web.servlet.ServletWebServerFactoryCustomizer.customize(ServletWebServerFactoryCustomizer.java:41)
	at org.springframework.boot.web.server.WebServerFactoryCustomizerBeanPostProcessor.lambda$postProcessBeforeInitialization$0(WebServerFactoryCustomizerBeanPostProcessor.java:72)
	at org.springframework.boot.util.LambdaSafe$Callbacks.lambda$invoke$0(LambdaSafe.java:287)
	at org.springframework.boot.util.LambdaSafe$LambdaSafeCallback.invoke(LambdaSafe.java:159)
	at org.springframework.boot.util.LambdaSafe$Callbacks.lambda$invoke$1(LambdaSafe.java:286)
	at java.base/java.util.ArrayList.forEach(ArrayList.java:1511)
	at java.base/java.util.Collections$UnmodifiableCollection.forEach(Collections.java:1092)
	at org.springframework.boot.util.LambdaSafe$Callbacks.invoke(LambdaSafe.java:286)
	at org.springframework.boot.web.server.WebServerFactoryCustomizerBeanPostProcessor.postProcessBeforeInitialization(WebServerFactoryCustomizerBeanPostProcessor.java:72)
	at org.springframework.boot.web.server.WebServerFactoryCustomizerBeanPostProcessor.postProcessBeforeInitialization(WebServerFactoryCustomizerBeanPostProcessor.java:58)
	at org.springframework.beans.factory.support.AbstractAutowireCapableBeanFactory.applyBeanPostProcessorsBeforeInitialization(AbstractAutowireCapableBeanFactory.java:420)
	at org.springframework.beans.factory.support.AbstractAutowireCapableBeanFactory.initializeBean(AbstractAutowireCapableBeanFactory.java:1743)
	at org.springframework.beans.factory.support.AbstractAutowireCapableBeanFactory.doCreateBean(AbstractAutowireCapableBeanFactory.java:599)
	... 19 common frames omitted
2025-01-15 11:54:23.531 INFO  com.java.member.config.MemberApplication          :51   [32m                  [0;39m Starting MemberApplication using Java 17.0.2 with PID 10600 (D:\Java_Project\train\member\target\classes started by ShaoyuChen in D:\Java_Project\train)
2025-01-15 11:54:23.532 INFO  com.java.member.config.MemberApplication          :630  [32m                  [0;39m No active profile set, falling back to 1 default profile: "default"
2025-01-15 11:54:23.676 INFO  o.springframework.cloud.context.scope.GenericScope:282  [32m                  [0;39m BeanFactory id=48127f96-07f5-3ac5-99c5-e6fe52ea15b1
2025-01-15 11:54:23.689 WARN  o.s.b.w.s.c.AnnotationConfigServletWebServerApplicationContext:592  [32m                  [0;39m Exception encountered during context initialization - cancelling refresh attempt: org.springframework.context.ApplicationContextException: Unable to start web server
2025-01-15 11:54:23.691 INFO  o.s.b.a.logging.ConditionEvaluationReportLogger   :82   [32m                  [0;39m 

Error starting ApplicationContext. To display the condition evaluation report re-run your application with 'debug' enabled.
2025-01-15 11:54:23.702 ERROR org.springframework.boot.SpringApplication        :820  [32m                  [0;39m Application run failed
org.springframework.context.ApplicationContextException: Unable to start web server
	at org.springframework.boot.web.servlet.context.ServletWebServerApplicationContext.onRefresh(ServletWebServerApplicationContext.java:164)
	at org.springframework.context.support.AbstractApplicationContext.refresh(AbstractApplicationContext.java:578)
	at org.springframework.boot.web.servlet.context.ServletWebServerApplicationContext.refresh(ServletWebServerApplicationContext.java:146)
	at org.springframework.boot.SpringApplication.refresh(SpringApplication.java:730)
	at org.springframework.boot.SpringApplication.refreshContext(SpringApplication.java:432)
	at org.springframework.boot.SpringApplication.run(SpringApplication.java:308)
	at com.java.member.config.MemberApplication.main(MemberApplication.java:20)
	at java.base/jdk.internal.reflect.NativeMethodAccessorImpl.invoke0(Native Method)
	at java.base/jdk.internal.reflect.NativeMethodAccessorImpl.invoke(NativeMethodAccessorImpl.java:77)
	at java.base/jdk.internal.reflect.DelegatingMethodAccessorImpl.invoke(DelegatingMethodAccessorImpl.java:43)
	at java.base/java.lang.reflect.Method.invoke(Method.java:568)
	at org.springframework.boot.devtools.restart.RestartLauncher.run(RestartLauncher.java:49)
Caused by: org.springframework.beans.factory.BeanCreationException: Error creating bean with name 'tomcatServletWebServerFactory' defined in class path resource [org/springframework/boot/autoconfigure/web/servlet/ServletWebServerFactoryConfiguration$EmbeddedTomcat.class]: ContextPath must start with '/' and not end with '/'
	at org.springframework.beans.factory.support.AbstractAutowireCapableBeanFactory.doCreateBean(AbstractAutowireCapableBeanFactory.java:606)
	at org.springframework.beans.factory.support.AbstractAutowireCapableBeanFactory.createBean(AbstractAutowireCapableBeanFactory.java:521)
	at org.springframework.beans.factory.support.AbstractBeanFactory.lambda$doGetBean$0(AbstractBeanFactory.java:326)
	at org.springframework.beans.factory.support.DefaultSingletonBeanRegistry.getSingleton(DefaultSingletonBeanRegistry.java:234)
	at org.springframework.beans.factory.support.AbstractBeanFactory.doGetBean(AbstractBeanFactory.java:324)
	at org.springframework.beans.factory.support.AbstractBeanFactory.getBean(AbstractBeanFactory.java:205)
	at org.springframework.boot.web.servlet.context.ServletWebServerApplicationContext.getWebServerFactory(ServletWebServerApplicationContext.java:218)
	at org.springframework.boot.web.servlet.context.ServletWebServerApplicationContext.createWebServer(ServletWebServerApplicationContext.java:181)
	at org.springframework.boot.web.servlet.context.ServletWebServerApplicationContext.onRefresh(ServletWebServerApplicationContext.java:161)
	... 11 common frames omitted
Caused by: java.lang.IllegalArgumentException: ContextPath must start with '/' and not end with '/'
	at org.springframework.boot.web.servlet.server.AbstractServletWebServerFactory.checkContextPath(AbstractServletWebServerFactory.java:139)
	at org.springframework.boot.web.servlet.server.AbstractServletWebServerFactory.setContextPath(AbstractServletWebServerFactory.java:128)
	at org.springframework.boot.context.properties.PropertyMapper$Source.to(PropertyMapper.java:293)
	at org.springframework.boot.autoconfigure.web.servlet.ServletWebServerFactoryCustomizer.customize(ServletWebServerFactoryCustomizer.java:76)
	at org.springframework.boot.autoconfigure.web.servlet.ServletWebServerFactoryCustomizer.customize(ServletWebServerFactoryCustomizer.java:41)
	at org.springframework.boot.web.server.WebServerFactoryCustomizerBeanPostProcessor.lambda$postProcessBeforeInitialization$0(WebServerFactoryCustomizerBeanPostProcessor.java:72)
	at org.springframework.boot.util.LambdaSafe$Callbacks.lambda$invoke$0(LambdaSafe.java:287)
	at org.springframework.boot.util.LambdaSafe$LambdaSafeCallback.invoke(LambdaSafe.java:159)
	at org.springframework.boot.util.LambdaSafe$Callbacks.lambda$invoke$1(LambdaSafe.java:286)
	at java.base/java.util.ArrayList.forEach(ArrayList.java:1511)
	at java.base/java.util.Collections$UnmodifiableCollection.forEach(Collections.java:1092)
	at org.springframework.boot.util.LambdaSafe$Callbacks.invoke(LambdaSafe.java:286)
	at org.springframework.boot.web.server.WebServerFactoryCustomizerBeanPostProcessor.postProcessBeforeInitialization(WebServerFactoryCustomizerBeanPostProcessor.java:72)
	at org.springframework.boot.web.server.WebServerFactoryCustomizerBeanPostProcessor.postProcessBeforeInitialization(WebServerFactoryCustomizerBeanPostProcessor.java:58)
	at org.springframework.beans.factory.support.AbstractAutowireCapableBeanFactory.applyBeanPostProcessorsBeforeInitialization(AbstractAutowireCapableBeanFactory.java:420)
	at org.springframework.beans.factory.support.AbstractAutowireCapableBeanFactory.initializeBean(AbstractAutowireCapableBeanFactory.java:1743)
	at org.springframework.beans.factory.support.AbstractAutowireCapableBeanFactory.doCreateBean(AbstractAutowireCapableBeanFactory.java:599)
	... 19 common frames omitted
2025-01-15 11:54:50.181 INFO  com.java.member.config.MemberApplication          :51   [32m                  [0;39m Starting MemberApplication using Java 17.0.2 with PID 10600 (D:\Java_Project\train\member\target\classes started by ShaoyuChen in D:\Java_Project\train)
2025-01-15 11:54:50.181 INFO  com.java.member.config.MemberApplication          :630  [32m                  [0;39m No active profile set, falling back to 1 default profile: "default"
2025-01-15 11:54:50.340 INFO  o.springframework.cloud.context.scope.GenericScope:282  [32m                  [0;39m BeanFactory id=48127f96-07f5-3ac5-99c5-e6fe52ea15b1
2025-01-15 11:54:50.352 WARN  o.s.b.w.s.c.AnnotationConfigServletWebServerApplicationContext:592  [32m                  [0;39m Exception encountered during context initialization - cancelling refresh attempt: org.springframework.context.ApplicationContextException: Unable to start web server
2025-01-15 11:54:50.354 INFO  o.s.b.a.logging.ConditionEvaluationReportLogger   :82   [32m                  [0;39m 

Error starting ApplicationContext. To display the condition evaluation report re-run your application with 'debug' enabled.
2025-01-15 11:54:50.359 ERROR org.springframework.boot.SpringApplication        :820  [32m                  [0;39m Application run failed
org.springframework.context.ApplicationContextException: Unable to start web server
	at org.springframework.boot.web.servlet.context.ServletWebServerApplicationContext.onRefresh(ServletWebServerApplicationContext.java:164)
	at org.springframework.context.support.AbstractApplicationContext.refresh(AbstractApplicationContext.java:578)
	at org.springframework.boot.web.servlet.context.ServletWebServerApplicationContext.refresh(ServletWebServerApplicationContext.java:146)
	at org.springframework.boot.SpringApplication.refresh(SpringApplication.java:730)
	at org.springframework.boot.SpringApplication.refreshContext(SpringApplication.java:432)
	at org.springframework.boot.SpringApplication.run(SpringApplication.java:308)
	at com.java.member.config.MemberApplication.main(MemberApplication.java:20)
	at java.base/jdk.internal.reflect.NativeMethodAccessorImpl.invoke0(Native Method)
	at java.base/jdk.internal.reflect.NativeMethodAccessorImpl.invoke(NativeMethodAccessorImpl.java:77)
	at java.base/jdk.internal.reflect.DelegatingMethodAccessorImpl.invoke(DelegatingMethodAccessorImpl.java:43)
	at java.base/java.lang.reflect.Method.invoke(Method.java:568)
	at org.springframework.boot.devtools.restart.RestartLauncher.run(RestartLauncher.java:49)
Caused by: org.springframework.beans.factory.BeanCreationException: Error creating bean with name 'tomcatServletWebServerFactory' defined in class path resource [org/springframework/boot/autoconfigure/web/servlet/ServletWebServerFactoryConfiguration$EmbeddedTomcat.class]: ContextPath must start with '/' and not end with '/'
	at org.springframework.beans.factory.support.AbstractAutowireCapableBeanFactory.doCreateBean(AbstractAutowireCapableBeanFactory.java:606)
	at org.springframework.beans.factory.support.AbstractAutowireCapableBeanFactory.createBean(AbstractAutowireCapableBeanFactory.java:521)
	at org.springframework.beans.factory.support.AbstractBeanFactory.lambda$doGetBean$0(AbstractBeanFactory.java:326)
	at org.springframework.beans.factory.support.DefaultSingletonBeanRegistry.getSingleton(DefaultSingletonBeanRegistry.java:234)
	at org.springframework.beans.factory.support.AbstractBeanFactory.doGetBean(AbstractBeanFactory.java:324)
	at org.springframework.beans.factory.support.AbstractBeanFactory.getBean(AbstractBeanFactory.java:205)
	at org.springframework.boot.web.servlet.context.ServletWebServerApplicationContext.getWebServerFactory(ServletWebServerApplicationContext.java:218)
	at org.springframework.boot.web.servlet.context.ServletWebServerApplicationContext.createWebServer(ServletWebServerApplicationContext.java:181)
	at org.springframework.boot.web.servlet.context.ServletWebServerApplicationContext.onRefresh(ServletWebServerApplicationContext.java:161)
	... 11 common frames omitted
Caused by: java.lang.IllegalArgumentException: ContextPath must start with '/' and not end with '/'
	at org.springframework.boot.web.servlet.server.AbstractServletWebServerFactory.checkContextPath(AbstractServletWebServerFactory.java:139)
	at org.springframework.boot.web.servlet.server.AbstractServletWebServerFactory.setContextPath(AbstractServletWebServerFactory.java:128)
	at org.springframework.boot.context.properties.PropertyMapper$Source.to(PropertyMapper.java:293)
	at org.springframework.boot.autoconfigure.web.servlet.ServletWebServerFactoryCustomizer.customize(ServletWebServerFactoryCustomizer.java:76)
	at org.springframework.boot.autoconfigure.web.servlet.ServletWebServerFactoryCustomizer.customize(ServletWebServerFactoryCustomizer.java:41)
	at org.springframework.boot.web.server.WebServerFactoryCustomizerBeanPostProcessor.lambda$postProcessBeforeInitialization$0(WebServerFactoryCustomizerBeanPostProcessor.java:72)
	at org.springframework.boot.util.LambdaSafe$Callbacks.lambda$invoke$0(LambdaSafe.java:287)
	at org.springframework.boot.util.LambdaSafe$LambdaSafeCallback.invoke(LambdaSafe.java:159)
	at org.springframework.boot.util.LambdaSafe$Callbacks.lambda$invoke$1(LambdaSafe.java:286)
	at java.base/java.util.ArrayList.forEach(ArrayList.java:1511)
	at java.base/java.util.Collections$UnmodifiableCollection.forEach(Collections.java:1092)
	at org.springframework.boot.util.LambdaSafe$Callbacks.invoke(LambdaSafe.java:286)
	at org.springframework.boot.web.server.WebServerFactoryCustomizerBeanPostProcessor.postProcessBeforeInitialization(WebServerFactoryCustomizerBeanPostProcessor.java:72)
	at org.springframework.boot.web.server.WebServerFactoryCustomizerBeanPostProcessor.postProcessBeforeInitialization(WebServerFactoryCustomizerBeanPostProcessor.java:58)
	at org.springframework.beans.factory.support.AbstractAutowireCapableBeanFactory.applyBeanPostProcessorsBeforeInitialization(AbstractAutowireCapableBeanFactory.java:420)
	at org.springframework.beans.factory.support.AbstractAutowireCapableBeanFactory.initializeBean(AbstractAutowireCapableBeanFactory.java:1743)
	at org.springframework.beans.factory.support.AbstractAutowireCapableBeanFactory.doCreateBean(AbstractAutowireCapableBeanFactory.java:599)
	... 19 common frames omitted
2025-01-15 11:55:29.456 INFO  com.java.member.config.MemberApplication          :51   [32m                  [0;39m Starting MemberApplication using Java 17.0.2 with PID 10600 (D:\Java_Project\train\member\target\classes started by ShaoyuChen in D:\Java_Project\train)
2025-01-15 11:55:29.457 INFO  com.java.member.config.MemberApplication          :630  [32m                  [0;39m No active profile set, falling back to 1 default profile: "default"
2025-01-15 11:55:29.658 INFO  o.springframework.cloud.context.scope.GenericScope:282  [32m                  [0;39m BeanFactory id=48127f96-07f5-3ac5-99c5-e6fe52ea15b1
2025-01-15 11:55:29.696 INFO  o.s.boot.web.embedded.tomcat.TomcatWebServer      :114  [32m                  [0;39m Tomcat initialized with port(s): 8001 (http)
2025-01-15 11:55:29.697 INFO  org.apache.coyote.http11.Http11NioProtocol        :173  [32m                  [0;39m Initializing ProtocolHandler ["http-nio-8001"]
2025-01-15 11:55:29.697 INFO  org.apache.catalina.core.StandardService          :173  [32m                  [0;39m Starting service [Tomcat]
2025-01-15 11:55:29.697 INFO  org.apache.catalina.core.StandardEngine           :173  [32m                  [0;39m Starting Servlet engine: [Apache Tomcat/10.1.1]
2025-01-15 11:55:29.716 INFO  o.a.c.c.C.[Tomcat].[localhost].[/member]          :173  [32m                  [0;39m Initializing Spring embedded WebApplicationContext
2025-01-15 11:55:29.716 INFO  o.s.b.w.s.c.ServletWebServerApplicationContext    :291  [32m                  [0;39m Root WebApplicationContext: initialization completed in 256 ms
2025-01-15 11:55:29.782 INFO  o.s.b.d.autoconfigure.OptionalLiveReloadServer    :59   [32m                  [0;39m LiveReload server is running on port 35729
2025-01-15 11:55:29.910 INFO  org.apache.coyote.http11.Http11NioProtocol        :173  [32m                  [0;39m Starting ProtocolHandler ["http-nio-8001"]
2025-01-15 11:55:29.913 INFO  o.s.boot.web.embedded.tomcat.TomcatWebServer      :226  [32m                  [0;39m Tomcat started on port(s): 8001 (http) with context path '/member'
2025-01-15 11:55:30.040 INFO  com.java.member.config.MemberApplication          :57   [32m                  [0;39m Started MemberApplication in 0.77 seconds (process running for 3946.231)
2025-01-15 11:55:30.041 INFO  o.s.b.d.a.ConditionEvaluationDeltaLoggingListener :63   [32m                  [0;39m Condition evaluation unchanged
2025-01-15 11:55:30.042 INFO  com.java.member.config.MemberApplication          :21   [32m                  [0;39m Success Start!
2025-01-15 11:55:30.042 INFO  com.java.member.config.MemberApplication          :22   [32m                  [0;39m Listening on 	http://127.0.0.1:8001/member/hello
2025-01-15 11:55:40.750 INFO  o.a.c.c.C.[Tomcat].[localhost].[/member]          :173  [32m                  [0;39m Initializing Spring DispatcherServlet 'dispatcherServlet'
2025-01-15 11:55:40.751 INFO  org.springframework.web.servlet.DispatcherServlet :525  [32m                  [0;39m Initializing Servlet 'dispatcherServlet'
2025-01-15 11:55:40.752 INFO  org.springframework.web.servlet.DispatcherServlet :547  [32m                  [0;39m Completed initialization in 1 ms
2025-01-15 16:43:48.582 INFO  o.s.b.d.a.LocalDevToolsAutoConfiguration$RestartingClassPathChangeChangedEventListener:211  [32m                  [0;39m Restarting due to 2 class path changes (0 additions, 1 deletion, 1 modification)
2025-01-15 16:43:48.600 INFO  org.apache.coyote.http11.Http11NioProtocol        :173  [32m                  [0;39m Pausing ProtocolHandler ["http-nio-8001"]
2025-01-15 16:43:48.601 INFO  org.apache.catalina.core.StandardService          :173  [32m                  [0;39m Stopping service [Tomcat]
2025-01-15 16:43:48.603 INFO  o.a.c.c.C.[Tomcat].[localhost].[/member]          :173  [32m                  [0;39m Destroying Spring FrameworkServlet 'dispatcherServlet'
2025-01-15 16:43:48.606 INFO  org.apache.coyote.http11.Http11NioProtocol        :173  [32m                  [0;39m Stopping ProtocolHandler ["http-nio-8001"]
2025-01-15 16:43:48.608 INFO  org.apache.coyote.http11.Http11NioProtocol        :173  [32m                  [0;39m Destroying ProtocolHandler ["http-nio-8001"]
2025-01-15 16:43:48.814 INFO  com.java.member.config.MemberApplication          :51   [32m                  [0;39m Starting MemberApplication using Java 17.0.2 with PID 10600 (D:\Java_Project\train\member\target\classes started by ShaoyuChen in D:\Java_Project\train)
2025-01-15 16:43:48.814 INFO  com.java.member.config.MemberApplication          :630  [32m                  [0;39m No active profile set, falling back to 1 default profile: "default"
2025-01-15 16:43:48.974 INFO  o.springframework.cloud.context.scope.GenericScope:282  [32m                  [0;39m BeanFactory id=48127f96-07f5-3ac5-99c5-e6fe52ea15b1
2025-01-15 16:43:49.010 INFO  o.s.boot.web.embedded.tomcat.TomcatWebServer      :114  [32m                  [0;39m Tomcat initialized with port(s): 8001 (http)
2025-01-15 16:43:49.010 INFO  org.apache.coyote.http11.Http11NioProtocol        :173  [32m                  [0;39m Initializing ProtocolHandler ["http-nio-8001"]
2025-01-15 16:43:49.010 INFO  org.apache.catalina.core.StandardService          :173  [32m                  [0;39m Starting service [Tomcat]
2025-01-15 16:43:49.011 INFO  org.apache.catalina.core.StandardEngine           :173  [32m                  [0;39m Starting Servlet engine: [Apache Tomcat/10.1.1]
2025-01-15 16:43:49.028 INFO  o.a.c.core.ContainerBase.[Tomcat].[localhost].[/] :173  [32m                  [0;39m Initializing Spring embedded WebApplicationContext
2025-01-15 16:43:49.029 INFO  o.s.b.w.s.c.ServletWebServerApplicationContext    :291  [32m                  [0;39m Root WebApplicationContext: initialization completed in 212 ms
2025-01-15 16:43:49.090 INFO  o.s.b.d.autoconfigure.OptionalLiveReloadServer    :59   [32m                  [0;39m LiveReload server is running on port 35729
2025-01-15 16:43:49.255 INFO  org.apache.coyote.http11.Http11NioProtocol        :173  [32m                  [0;39m Starting ProtocolHandler ["http-nio-8001"]
2025-01-15 16:43:49.258 INFO  o.s.boot.web.embedded.tomcat.TomcatWebServer      :226  [32m                  [0;39m Tomcat started on port(s): 8001 (http) with context path ''
2025-01-15 16:43:49.378 INFO  com.java.member.config.MemberApplication          :57   [32m                  [0;39m Started MemberApplication in 0.715 seconds (process running for 21245.569)
2025-01-15 16:43:49.379 INFO  o.s.b.d.a.ConditionEvaluationDeltaLoggingListener :63   [32m                  [0;39m Condition evaluation unchanged
2025-01-15 16:43:49.380 INFO  com.java.member.config.MemberApplication          :21   [32m                  [0;39m Success Start!
2025-01-15 16:43:49.380 INFO  com.java.member.config.MemberApplication          :22   [32m                  [0;39m Listening on 	http://127.0.0.1:8001/hello
2025-01-15 16:43:50.728 INFO  o.s.b.d.a.LocalDevToolsAutoConfiguration$RestartingClassPathChangeChangedEventListener:211  [32m                  [0;39m Restarting due to 1 class path change (1 addition, 0 deletions, 0 modifications)
2025-01-15 16:43:50.738 INFO  org.apache.coyote.http11.Http11NioProtocol        :173  [32m                  [0;39m Pausing ProtocolHandler ["http-nio-8001"]
2025-01-15 16:43:50.738 INFO  org.apache.catalina.core.StandardService          :173  [32m                  [0;39m Stopping service [Tomcat]
2025-01-15 16:43:50.740 INFO  org.apache.coyote.http11.Http11NioProtocol        :173  [32m                  [0;39m Stopping ProtocolHandler ["http-nio-8001"]
2025-01-15 16:43:50.741 INFO  org.apache.coyote.http11.Http11NioProtocol        :173  [32m                  [0;39m Destroying ProtocolHandler ["http-nio-8001"]
2025-01-15 16:43:50.944 INFO  com.java.member.config.MemberApplication          :51   [32m                  [0;39m Starting MemberApplication using Java 17.0.2 with PID 10600 (D:\Java_Project\train\member\target\classes started by ShaoyuChen in D:\Java_Project\train)
2025-01-15 16:43:50.945 INFO  com.java.member.config.MemberApplication          :630  [32m                  [0;39m No active profile set, falling back to 1 default profile: "default"
2025-01-15 16:43:51.080 INFO  o.springframework.cloud.context.scope.GenericScope:282  [32m                  [0;39m BeanFactory id=48127f96-07f5-3ac5-99c5-e6fe52ea15b1
2025-01-15 16:43:51.111 INFO  o.s.boot.web.embedded.tomcat.TomcatWebServer      :114  [32m                  [0;39m Tomcat initialized with port(s): 8001 (http)
2025-01-15 16:43:51.111 INFO  org.apache.coyote.http11.Http11NioProtocol        :173  [32m                  [0;39m Initializing ProtocolHandler ["http-nio-8001"]
2025-01-15 16:43:51.111 INFO  org.apache.catalina.core.StandardService          :173  [32m                  [0;39m Starting service [Tomcat]
2025-01-15 16:43:51.111 INFO  org.apache.catalina.core.StandardEngine           :173  [32m                  [0;39m Starting Servlet engine: [Apache Tomcat/10.1.1]
2025-01-15 16:43:51.130 INFO  o.a.c.core.ContainerBase.[Tomcat].[localhost].[/] :173  [32m                  [0;39m Initializing Spring embedded WebApplicationContext
2025-01-15 16:43:51.130 INFO  o.s.b.w.s.c.ServletWebServerApplicationContext    :291  [32m                  [0;39m Root WebApplicationContext: initialization completed in 183 ms
2025-01-15 16:43:51.173 INFO  o.s.b.d.autoconfigure.OptionalLiveReloadServer    :59   [32m                  [0;39m LiveReload server is running on port 35729
2025-01-15 16:43:51.294 INFO  org.apache.coyote.http11.Http11NioProtocol        :173  [32m                  [0;39m Starting ProtocolHandler ["http-nio-8001"]
2025-01-15 16:43:51.296 INFO  o.s.boot.web.embedded.tomcat.TomcatWebServer      :226  [32m                  [0;39m Tomcat started on port(s): 8001 (http) with context path ''
2025-01-15 16:43:51.409 INFO  com.java.member.config.MemberApplication          :57   [32m                  [0;39m Started MemberApplication in 0.601 seconds (process running for 21247.6)
2025-01-15 16:43:51.410 INFO  o.s.b.d.a.ConditionEvaluationDeltaLoggingListener :63   [32m                  [0;39m Condition evaluation unchanged
2025-01-15 16:43:51.410 INFO  com.java.member.config.MemberApplication          :21   [32m                  [0;39m Success Start!
2025-01-15 16:43:51.410 INFO  com.java.member.config.MemberApplication          :22   [32m                  [0;39m Listening on 	http://127.0.0.1:8001/hello
2025-01-15 16:44:01.962 INFO  o.a.c.core.ContainerBase.[Tomcat].[localhost].[/] :173  [32m                  [0;39m Initializing Spring DispatcherServlet 'dispatcherServlet'
2025-01-15 16:44:01.963 INFO  org.springframework.web.servlet.DispatcherServlet :525  [32m                  [0;39m Initializing Servlet 'dispatcherServlet'
2025-01-15 16:44:01.963 INFO  org.springframework.web.servlet.DispatcherServlet :547  [32m                  [0;39m Completed initialization in 0 ms
2025-01-15 16:45:27.575 INFO  o.s.b.d.a.LocalDevToolsAutoConfiguration$RestartingClassPathChangeChangedEventListener:211  [32m                  [0;39m Restarting due to 2 class path changes (0 additions, 0 deletions, 2 modifications)
2025-01-15 16:45:27.585 INFO  org.apache.coyote.http11.Http11NioProtocol        :173  [32m                  [0;39m Pausing ProtocolHandler ["http-nio-8001"]
2025-01-15 16:45:27.585 INFO  org.apache.catalina.core.StandardService          :173  [32m                  [0;39m Stopping service [Tomcat]
2025-01-15 16:45:27.585 INFO  o.a.c.core.ContainerBase.[Tomcat].[localhost].[/] :173  [32m                  [0;39m Destroying Spring FrameworkServlet 'dispatcherServlet'
2025-01-15 16:45:27.586 INFO  org.apache.coyote.http11.Http11NioProtocol        :173  [32m                  [0;39m Stopping ProtocolHandler ["http-nio-8001"]
2025-01-15 16:45:27.587 INFO  org.apache.coyote.http11.Http11NioProtocol        :173  [32m                  [0;39m Destroying ProtocolHandler ["http-nio-8001"]
2025-01-15 16:45:27.777 INFO  com.java.member.config.MemberApplication          :51   [32m                  [0;39m Starting MemberApplication using Java 17.0.2 with PID 10600 (D:\Java_Project\train\member\target\classes started by ShaoyuChen in D:\Java_Project\train)
2025-01-15 16:45:27.777 INFO  com.java.member.config.MemberApplication          :630  [32m                  [0;39m No active profile set, falling back to 1 default profile: "default"
2025-01-15 16:45:27.921 INFO  o.springframework.cloud.context.scope.GenericScope:282  [32m                  [0;39m BeanFactory id=48127f96-07f5-3ac5-99c5-e6fe52ea15b1
2025-01-15 16:45:27.953 INFO  o.s.boot.web.embedded.tomcat.TomcatWebServer      :114  [32m                  [0;39m Tomcat initialized with port(s): 8001 (http)
2025-01-15 16:45:27.953 INFO  org.apache.coyote.http11.Http11NioProtocol        :173  [32m                  [0;39m Initializing ProtocolHandler ["http-nio-8001"]
2025-01-15 16:45:27.953 INFO  org.apache.catalina.core.StandardService          :173  [32m                  [0;39m Starting service [Tomcat]
2025-01-15 16:45:27.954 INFO  org.apache.catalina.core.StandardEngine           :173  [32m                  [0;39m Starting Servlet engine: [Apache Tomcat/10.1.1]
2025-01-15 16:45:27.967 INFO  o.a.c.c.C.[Tomcat].[localhost].[/member]          :173  [32m                  [0;39m Initializing Spring embedded WebApplicationContext
2025-01-15 16:45:27.967 INFO  o.s.b.w.s.c.ServletWebServerApplicationContext    :291  [32m                  [0;39m Root WebApplicationContext: initialization completed in 188 ms
2025-01-15 16:45:28.015 INFO  o.s.b.d.autoconfigure.OptionalLiveReloadServer    :59   [32m                  [0;39m LiveReload server is running on port 35729
2025-01-15 16:45:28.146 INFO  org.apache.coyote.http11.Http11NioProtocol        :173  [32m                  [0;39m Starting ProtocolHandler ["http-nio-8001"]
2025-01-15 16:45:28.149 INFO  o.s.boot.web.embedded.tomcat.TomcatWebServer      :226  [32m                  [0;39m Tomcat started on port(s): 8001 (http) with context path '/member'
2025-01-15 16:45:28.270 INFO  com.java.member.config.MemberApplication          :57   [32m                  [0;39m Started MemberApplication in 0.629 seconds (process running for 21344.46)
2025-01-15 16:45:28.271 INFO  o.s.b.d.a.ConditionEvaluationDeltaLoggingListener :63   [32m                  [0;39m Condition evaluation unchanged
2025-01-15 16:45:28.271 INFO  com.java.member.config.MemberApplication          :21   [32m                  [0;39m Success Start!
2025-01-15 16:45:28.271 INFO  com.java.member.config.MemberApplication          :22   [32m                  [0;39m Listening on 	http://127.0.0.1:8001/
2025-01-15 16:45:43.754 INFO  o.s.b.d.a.LocalDevToolsAutoConfiguration$RestartingClassPathChangeChangedEventListener:211  [32m                  [0;39m Restarting due to 1 class path change (0 additions, 1 deletion, 0 modifications)
2025-01-15 16:45:43.764 INFO  org.apache.coyote.http11.Http11NioProtocol        :173  [32m                  [0;39m Pausing ProtocolHandler ["http-nio-8001"]
2025-01-15 16:45:43.764 INFO  org.apache.catalina.core.StandardService          :173  [32m                  [0;39m Stopping service [Tomcat]
2025-01-15 16:45:43.766 INFO  org.apache.coyote.http11.Http11NioProtocol        :173  [32m                  [0;39m Stopping ProtocolHandler ["http-nio-8001"]
2025-01-15 16:45:43.767 INFO  org.apache.coyote.http11.Http11NioProtocol        :173  [32m                  [0;39m Destroying ProtocolHandler ["http-nio-8001"]
2025-01-15 16:45:43.961 INFO  com.java.member.config.MemberApplication          :51   [32m                  [0;39m Starting MemberApplication using Java 17.0.2 with PID 10600 (D:\Java_Project\train\member\target\classes started by ShaoyuChen in D:\Java_Project\train)
2025-01-15 16:45:43.961 INFO  com.java.member.config.MemberApplication          :630  [32m                  [0;39m No active profile set, falling back to 1 default profile: "default"
2025-01-15 16:45:44.107 INFO  o.springframework.cloud.context.scope.GenericScope:282  [32m                  [0;39m BeanFactory id=48127f96-07f5-3ac5-99c5-e6fe52ea15b1
2025-01-15 16:45:44.131 INFO  o.s.boot.web.embedded.tomcat.TomcatWebServer      :114  [32m                  [0;39m Tomcat initialized with port(s): 8001 (http)
2025-01-15 16:45:44.131 INFO  org.apache.coyote.http11.Http11NioProtocol        :173  [32m                  [0;39m Initializing ProtocolHandler ["http-nio-8001"]
2025-01-15 16:45:44.132 INFO  org.apache.catalina.core.StandardService          :173  [32m                  [0;39m Starting service [Tomcat]
2025-01-15 16:45:44.132 INFO  org.apache.catalina.core.StandardEngine           :173  [32m                  [0;39m Starting Servlet engine: [Apache Tomcat/10.1.1]
2025-01-15 16:45:44.147 INFO  o.a.c.c.C.[Tomcat].[localhost].[/member]          :173  [32m                  [0;39m Initializing Spring embedded WebApplicationContext
2025-01-15 16:45:44.147 INFO  o.s.b.w.s.c.ServletWebServerApplicationContext    :291  [32m                  [0;39m Root WebApplicationContext: initialization completed in 184 ms
2025-01-15 16:45:44.182 INFO  o.s.b.d.autoconfigure.OptionalLiveReloadServer    :59   [32m                  [0;39m LiveReload server is running on port 35729
2025-01-15 16:45:44.299 INFO  org.apache.coyote.http11.Http11NioProtocol        :173  [32m                  [0;39m Starting ProtocolHandler ["http-nio-8001"]
2025-01-15 16:45:44.302 INFO  o.s.boot.web.embedded.tomcat.TomcatWebServer      :226  [32m                  [0;39m Tomcat started on port(s): 8001 (http) with context path '/member'
2025-01-15 16:45:44.428 INFO  com.java.member.config.MemberApplication          :57   [32m                  [0;39m Started MemberApplication in 0.601 seconds (process running for 21360.619)
2025-01-15 16:45:44.431 INFO  o.s.b.d.a.ConditionEvaluationDeltaLoggingListener :63   [32m                  [0;39m Condition evaluation unchanged
2025-01-15 16:45:44.431 INFO  com.java.member.config.MemberApplication          :21   [32m                  [0;39m Success Start!
2025-01-15 16:45:44.432 INFO  com.java.member.config.MemberApplication          :22   [32m                  [0;39m Listening on 	http://127.0.0.1:8001/member/
2025-01-15 16:45:45.751 INFO  o.s.b.d.a.LocalDevToolsAutoConfiguration$RestartingClassPathChangeChangedEventListener:211  [32m                  [0;39m Restarting due to 1 class path change (1 addition, 0 deletions, 0 modifications)
2025-01-15 16:45:45.761 INFO  org.apache.coyote.http11.Http11NioProtocol        :173  [32m                  [0;39m Pausing ProtocolHandler ["http-nio-8001"]
2025-01-15 16:45:45.761 INFO  org.apache.catalina.core.StandardService          :173  [32m                  [0;39m Stopping service [Tomcat]
2025-01-15 16:45:45.763 INFO  org.apache.coyote.http11.Http11NioProtocol        :173  [32m                  [0;39m Stopping ProtocolHandler ["http-nio-8001"]
2025-01-15 16:45:45.764 INFO  org.apache.coyote.http11.Http11NioProtocol        :173  [32m                  [0;39m Destroying ProtocolHandler ["http-nio-8001"]
2025-01-15 16:45:45.949 INFO  com.java.member.config.MemberApplication          :51   [32m                  [0;39m Starting MemberApplication using Java 17.0.2 with PID 10600 (D:\Java_Project\train\member\target\classes started by ShaoyuChen in D:\Java_Project\train)
2025-01-15 16:45:45.949 INFO  com.java.member.config.MemberApplication          :630  [32m                  [0;39m No active profile set, falling back to 1 default profile: "default"
2025-01-15 16:45:46.075 INFO  o.springframework.cloud.context.scope.GenericScope:282  [32m                  [0;39m BeanFactory id=48127f96-07f5-3ac5-99c5-e6fe52ea15b1
2025-01-15 16:45:46.103 INFO  o.s.boot.web.embedded.tomcat.TomcatWebServer      :114  [32m                  [0;39m Tomcat initialized with port(s): 8001 (http)
2025-01-15 16:45:46.103 INFO  org.apache.coyote.http11.Http11NioProtocol        :173  [32m                  [0;39m Initializing ProtocolHandler ["http-nio-8001"]
2025-01-15 16:45:46.103 INFO  org.apache.catalina.core.StandardService          :173  [32m                  [0;39m Starting service [Tomcat]
2025-01-15 16:45:46.103 INFO  org.apache.catalina.core.StandardEngine           :173  [32m                  [0;39m Starting Servlet engine: [Apache Tomcat/10.1.1]
2025-01-15 16:45:46.120 INFO  o.a.c.c.C.[Tomcat].[localhost].[/member]          :173  [32m                  [0;39m Initializing Spring embedded WebApplicationContext
2025-01-15 16:45:46.120 INFO  o.s.b.w.s.c.ServletWebServerApplicationContext    :291  [32m                  [0;39m Root WebApplicationContext: initialization completed in 169 ms
2025-01-15 16:45:46.156 INFO  o.s.b.d.autoconfigure.OptionalLiveReloadServer    :59   [32m                  [0;39m LiveReload server is running on port 35729
2025-01-15 16:45:46.281 INFO  org.apache.coyote.http11.Http11NioProtocol        :173  [32m                  [0;39m Starting ProtocolHandler ["http-nio-8001"]
2025-01-15 16:45:46.285 INFO  o.s.boot.web.embedded.tomcat.TomcatWebServer      :226  [32m                  [0;39m Tomcat started on port(s): 8001 (http) with context path '/member'
2025-01-15 16:45:46.392 INFO  com.java.member.config.MemberApplication          :57   [32m                  [0;39m Started MemberApplication in 0.571 seconds (process running for 21362.583)
2025-01-15 16:45:46.393 INFO  o.s.b.d.a.ConditionEvaluationDeltaLoggingListener :63   [32m                  [0;39m Condition evaluation unchanged
2025-01-15 16:45:46.393 INFO  com.java.member.config.MemberApplication          :21   [32m                  [0;39m Success Start!
2025-01-15 16:45:46.393 INFO  com.java.member.config.MemberApplication          :22   [32m                  [0;39m Listening on 	http://127.0.0.1:8001/member/
2025-01-15 16:45:55.910 INFO  o.a.c.c.C.[Tomcat].[localhost].[/member]          :173  [32m                  [0;39m Initializing Spring DispatcherServlet 'dispatcherServlet'
2025-01-15 16:45:55.910 INFO  org.springframework.web.servlet.DispatcherServlet :525  [32m                  [0;39m Initializing Servlet 'dispatcherServlet'
2025-01-15 16:45:55.911 INFO  org.springframework.web.servlet.DispatcherServlet :547  [32m                  [0;39m Completed initialization in 0 ms
2025-01-15 16:53:17.374 INFO  o.s.b.d.a.LocalDevToolsAutoConfiguration$RestartingClassPathChangeChangedEventListener:211  [32m                  [0;39m Restarting due to 1 class path change (0 additions, 0 deletions, 1 modification)
2025-01-15 16:53:17.384 INFO  org.apache.coyote.http11.Http11NioProtocol        :173  [32m                  [0;39m Pausing ProtocolHandler ["http-nio-8001"]
2025-01-15 16:53:17.384 INFO  org.apache.catalina.core.StandardService          :173  [32m                  [0;39m Stopping service [Tomcat]
2025-01-15 16:53:17.384 INFO  o.a.c.c.C.[Tomcat].[localhost].[/member]          :173  [32m                  [0;39m Destroying Spring FrameworkServlet 'dispatcherServlet'
2025-01-15 16:53:17.385 INFO  org.apache.coyote.http11.Http11NioProtocol        :173  [32m                  [0;39m Stopping ProtocolHandler ["http-nio-8001"]
2025-01-15 16:53:17.386 INFO  org.apache.coyote.http11.Http11NioProtocol        :173  [32m                  [0;39m Destroying ProtocolHandler ["http-nio-8001"]
2025-01-15 16:53:17.574 INFO  com.java.member.config.MemberApplication          :51   [32m                  [0;39m Starting MemberApplication using Java 17.0.2 with PID 10600 (D:\Java_Project\train\member\target\classes started by ShaoyuChen in D:\Java_Project\train)
2025-01-15 16:53:17.574 INFO  com.java.member.config.MemberApplication          :630  [32m                  [0;39m No active profile set, falling back to 1 default profile: "default"
2025-01-15 16:53:17.705 INFO  o.springframework.cloud.context.scope.GenericScope:282  [32m                  [0;39m BeanFactory id=48127f96-07f5-3ac5-99c5-e6fe52ea15b1
2025-01-15 16:53:17.734 INFO  o.s.boot.web.embedded.tomcat.TomcatWebServer      :114  [32m                  [0;39m Tomcat initialized with port(s): 8001 (http)
2025-01-15 16:53:17.734 INFO  org.apache.coyote.http11.Http11NioProtocol        :173  [32m                  [0;39m Initializing ProtocolHandler ["http-nio-8001"]
2025-01-15 16:53:17.735 INFO  org.apache.catalina.core.StandardService          :173  [32m                  [0;39m Starting service [Tomcat]
2025-01-15 16:53:17.735 INFO  org.apache.catalina.core.StandardEngine           :173  [32m                  [0;39m Starting Servlet engine: [Apache Tomcat/10.1.1]
2025-01-15 16:53:17.749 INFO  o.a.c.core.ContainerBase.[Tomcat].[localhost].[/] :173  [32m                  [0;39m Initializing Spring embedded WebApplicationContext
2025-01-15 16:53:17.749 INFO  o.s.b.w.s.c.ServletWebServerApplicationContext    :291  [32m                  [0;39m Root WebApplicationContext: initialization completed in 174 ms
2025-01-15 16:53:17.796 INFO  o.s.b.d.autoconfigure.OptionalLiveReloadServer    :59   [32m                  [0;39m LiveReload server is running on port 35729
2025-01-15 16:53:17.921 INFO  org.apache.coyote.http11.Http11NioProtocol        :173  [32m                  [0;39m Starting ProtocolHandler ["http-nio-8001"]
2025-01-15 16:53:17.923 INFO  o.s.boot.web.embedded.tomcat.TomcatWebServer      :226  [32m                  [0;39m Tomcat started on port(s): 8001 (http) with context path ''
2025-01-15 16:53:18.032 INFO  com.java.member.config.MemberApplication          :57   [32m                  [0;39m Started MemberApplication in 0.592 seconds (process running for 21814.223)
2025-01-15 16:53:18.033 INFO  o.s.b.d.a.ConditionEvaluationDeltaLoggingListener :63   [32m                  [0;39m Condition evaluation unchanged
2025-01-15 16:53:18.034 INFO  com.java.member.config.MemberApplication          :21   [32m                  [0;39m Success Start!
2025-01-15 16:53:18.034 INFO  com.java.member.config.MemberApplication          :22   [32m                  [0;39m Listening on 	http://127.0.0.1:8001/
2025-01-15 16:53:43.954 INFO  o.s.b.d.a.LocalDevToolsAutoConfiguration$RestartingClassPathChangeChangedEventListener:211  [32m                  [0;39m Restarting due to 1 class path change (0 additions, 0 deletions, 1 modification)
2025-01-15 16:53:43.963 INFO  org.apache.coyote.http11.Http11NioProtocol        :173  [32m                  [0;39m Pausing ProtocolHandler ["http-nio-8001"]
2025-01-15 16:53:43.964 INFO  org.apache.catalina.core.StandardService          :173  [32m                  [0;39m Stopping service [Tomcat]
2025-01-15 16:53:43.965 INFO  org.apache.coyote.http11.Http11NioProtocol        :173  [32m                  [0;39m Stopping ProtocolHandler ["http-nio-8001"]
2025-01-15 16:53:43.966 INFO  org.apache.coyote.http11.Http11NioProtocol        :173  [32m                  [0;39m Destroying ProtocolHandler ["http-nio-8001"]
2025-01-15 16:53:44.163 INFO  com.java.member.config.MemberApplication          :51   [32m                  [0;39m Starting MemberApplication using Java 17.0.2 with PID 10600 (D:\Java_Project\train\member\target\classes started by ShaoyuChen in D:\Java_Project\train)
2025-01-15 16:53:44.164 INFO  com.java.member.config.MemberApplication          :630  [32m                  [0;39m No active profile set, falling back to 1 default profile: "default"
2025-01-15 16:53:44.293 INFO  o.springframework.cloud.context.scope.GenericScope:282  [32m                  [0;39m BeanFactory id=48127f96-07f5-3ac5-99c5-e6fe52ea15b1
2025-01-15 16:53:44.316 INFO  o.s.boot.web.embedded.tomcat.TomcatWebServer      :114  [32m                  [0;39m Tomcat initialized with port(s): 8001 (http)
2025-01-15 16:53:44.316 INFO  org.apache.coyote.http11.Http11NioProtocol        :173  [32m                  [0;39m Initializing ProtocolHandler ["http-nio-8001"]
2025-01-15 16:53:44.316 INFO  org.apache.catalina.core.StandardService          :173  [32m                  [0;39m Starting service [Tomcat]
2025-01-15 16:53:44.317 INFO  org.apache.catalina.core.StandardEngine           :173  [32m                  [0;39m Starting Servlet engine: [Apache Tomcat/10.1.1]
2025-01-15 16:53:44.332 INFO  o.a.c.c.C.[Tomcat].[localhost].[/member]          :173  [32m                  [0;39m Initializing Spring embedded WebApplicationContext
2025-01-15 16:53:44.332 INFO  o.s.b.w.s.c.ServletWebServerApplicationContext    :291  [32m                  [0;39m Root WebApplicationContext: initialization completed in 166 ms
2025-01-15 16:53:44.364 INFO  o.s.b.d.autoconfigure.OptionalLiveReloadServer    :59   [32m                  [0;39m LiveReload server is running on port 35729
2025-01-15 16:53:44.483 INFO  org.apache.coyote.http11.Http11NioProtocol        :173  [32m                  [0;39m Starting ProtocolHandler ["http-nio-8001"]
2025-01-15 16:53:44.485 INFO  o.s.boot.web.embedded.tomcat.TomcatWebServer      :226  [32m                  [0;39m Tomcat started on port(s): 8001 (http) with context path '/member'
2025-01-15 16:53:44.594 INFO  com.java.member.config.MemberApplication          :57   [32m                  [0;39m Started MemberApplication in 0.568 seconds (process running for 21840.785)
2025-01-15 16:53:44.595 INFO  o.s.b.d.a.ConditionEvaluationDeltaLoggingListener :63   [32m                  [0;39m Condition evaluation unchanged
2025-01-15 16:53:44.596 INFO  com.java.member.config.MemberApplication          :21   [32m                  [0;39m Success Start!
2025-01-15 16:53:44.596 INFO  com.java.member.config.MemberApplication          :22   [32m                  [0;39m Listening on 	http://127.0.0.1:8001/member/
2025-01-15 16:53:52.798 INFO  o.a.c.c.C.[Tomcat].[localhost].[/member]          :173  [32m                  [0;39m Initializing Spring DispatcherServlet 'dispatcherServlet'
2025-01-15 16:53:52.798 INFO  org.springframework.web.servlet.DispatcherServlet :525  [32m                  [0;39m Initializing Servlet 'dispatcherServlet'
2025-01-15 16:53:52.799 INFO  org.springframework.web.servlet.DispatcherServlet :547  [32m                  [0;39m Completed initialization in 1 ms
2025-01-15 16:55:01.223 INFO  o.s.b.d.a.LocalDevToolsAutoConfiguration$RestartingClassPathChangeChangedEventListener:211  [32m                  [0;39m Restarting due to 1 class path change (0 additions, 0 deletions, 1 modification)
2025-01-15 16:55:01.232 INFO  org.apache.coyote.http11.Http11NioProtocol        :173  [32m                  [0;39m Pausing ProtocolHandler ["http-nio-8001"]
2025-01-15 16:55:01.233 INFO  org.apache.catalina.core.StandardService          :173  [32m                  [0;39m Stopping service [Tomcat]
2025-01-15 16:55:01.233 INFO  o.a.c.c.C.[Tomcat].[localhost].[/member]          :173  [32m                  [0;39m Destroying Spring FrameworkServlet 'dispatcherServlet'
2025-01-15 16:55:01.234 INFO  org.apache.coyote.http11.Http11NioProtocol        :173  [32m                  [0;39m Stopping ProtocolHandler ["http-nio-8001"]
2025-01-15 16:55:01.235 INFO  org.apache.coyote.http11.Http11NioProtocol        :173  [32m                  [0;39m Destroying ProtocolHandler ["http-nio-8001"]
2025-01-15 16:55:01.424 INFO  com.java.member.config.MemberApplication          :51   [32m                  [0;39m Starting MemberApplication using Java 17.0.2 with PID 10600 (D:\Java_Project\train\member\target\classes started by ShaoyuChen in D:\Java_Project\train)
2025-01-15 16:55:01.424 INFO  com.java.member.config.MemberApplication          :630  [32m                  [0;39m No active profile set, falling back to 1 default profile: "default"
2025-01-15 16:55:01.555 INFO  o.springframework.cloud.context.scope.GenericScope:282  [32m                  [0;39m BeanFactory id=48127f96-07f5-3ac5-99c5-e6fe52ea15b1
2025-01-15 16:55:01.581 INFO  o.s.boot.web.embedded.tomcat.TomcatWebServer      :114  [32m                  [0;39m Tomcat initialized with port(s): 8001 (http)
2025-01-15 16:55:01.581 INFO  org.apache.coyote.http11.Http11NioProtocol        :173  [32m                  [0;39m Initializing ProtocolHandler ["http-nio-8001"]
2025-01-15 16:55:01.581 INFO  org.apache.catalina.core.StandardService          :173  [32m                  [0;39m Starting service [Tomcat]
2025-01-15 16:55:01.582 INFO  org.apache.catalina.core.StandardEngine           :173  [32m                  [0;39m Starting Servlet engine: [Apache Tomcat/10.1.1]
2025-01-15 16:55:01.595 INFO  o.a.c.c.C.[Tomcat].[localhost].[/member]          :173  [32m                  [0;39m Initializing Spring embedded WebApplicationContext
2025-01-15 16:55:01.595 INFO  o.s.b.w.s.c.ServletWebServerApplicationContext    :291  [32m                  [0;39m Root WebApplicationContext: initialization completed in 169 ms
2025-01-15 16:55:01.645 INFO  o.s.b.d.autoconfigure.OptionalLiveReloadServer    :59   [32m                  [0;39m LiveReload server is running on port 35729
2025-01-15 16:55:01.772 INFO  org.apache.coyote.http11.Http11NioProtocol        :173  [32m                  [0;39m Starting ProtocolHandler ["http-nio-8001"]
2025-01-15 16:55:01.775 INFO  o.s.boot.web.embedded.tomcat.TomcatWebServer      :226  [32m                  [0;39m Tomcat started on port(s): 8001 (http) with context path '/member'
2025-01-15 16:55:01.882 INFO  com.java.member.config.MemberApplication          :57   [32m                  [0;39m Started MemberApplication in 0.592 seconds (process running for 21918.074)
2025-01-15 16:55:01.883 INFO  o.s.b.d.a.ConditionEvaluationDeltaLoggingListener :63   [32m                  [0;39m Condition evaluation unchanged
2025-01-15 16:55:01.884 INFO  com.java.member.config.MemberApplication          :21   [32m                  [0;39m Success Start!
2025-01-15 16:55:01.884 INFO  com.java.member.config.MemberApplication          :22   [32m                  [0;39m Listening on 	http://127.0.0.1:8001/member/
2025-01-15 16:55:58.951 INFO  o.s.b.d.a.LocalDevToolsAutoConfiguration$RestartingClassPathChangeChangedEventListener:211  [32m                  [0;39m Restarting due to 1 class path change (0 additions, 0 deletions, 1 modification)
2025-01-15 16:55:58.962 INFO  org.apache.coyote.http11.Http11NioProtocol        :173  [32m                  [0;39m Pausing ProtocolHandler ["http-nio-8001"]
2025-01-15 16:55:58.962 INFO  org.apache.catalina.core.StandardService          :173  [32m                  [0;39m Stopping service [Tomcat]
2025-01-15 16:55:58.963 INFO  org.apache.coyote.http11.Http11NioProtocol        :173  [32m                  [0;39m Stopping ProtocolHandler ["http-nio-8001"]
2025-01-15 16:55:58.964 INFO  org.apache.coyote.http11.Http11NioProtocol        :173  [32m                  [0;39m Destroying ProtocolHandler ["http-nio-8001"]
2025-01-15 16:55:59.164 INFO  com.java.member.config.MemberApplication          :51   [32m                  [0;39m Starting MemberApplication using Java 17.0.2 with PID 10600 (D:\Java_Project\train\member\target\classes started by ShaoyuChen in D:\Java_Project\train)
2025-01-15 16:55:59.164 INFO  com.java.member.config.MemberApplication          :630  [32m                  [0;39m No active profile set, falling back to 1 default profile: "default"
2025-01-15 16:55:59.285 INFO  o.springframework.cloud.context.scope.GenericScope:282  [32m                  [0;39m BeanFactory id=48127f96-07f5-3ac5-99c5-e6fe52ea15b1
2025-01-15 16:55:59.309 INFO  o.s.boot.web.embedded.tomcat.TomcatWebServer      :114  [32m                  [0;39m Tomcat initialized with port(s): 8001 (http)
2025-01-15 16:55:59.309 INFO  org.apache.coyote.http11.Http11NioProtocol        :173  [32m                  [0;39m Initializing ProtocolHandler ["http-nio-8001"]
2025-01-15 16:55:59.309 INFO  org.apache.catalina.core.StandardService          :173  [32m                  [0;39m Starting service [Tomcat]
2025-01-15 16:55:59.309 INFO  org.apache.catalina.core.StandardEngine           :173  [32m                  [0;39m Starting Servlet engine: [Apache Tomcat/10.1.1]
2025-01-15 16:55:59.323 INFO  o.a.c.c.C.[Tomcat].[localhost].[/member]          :173  [32m                  [0;39m Initializing Spring embedded WebApplicationContext
2025-01-15 16:55:59.323 INFO  o.s.b.w.s.c.ServletWebServerApplicationContext    :291  [32m                  [0;39m Root WebApplicationContext: initialization completed in 157 ms
2025-01-15 16:55:59.355 INFO  o.s.b.d.autoconfigure.OptionalLiveReloadServer    :59   [32m                  [0;39m LiveReload server is running on port 35729
2025-01-15 16:55:59.476 INFO  org.apache.coyote.http11.Http11NioProtocol        :173  [32m                  [0;39m Starting ProtocolHandler ["http-nio-8001"]
2025-01-15 16:55:59.479 INFO  o.s.boot.web.embedded.tomcat.TomcatWebServer      :226  [32m                  [0;39m Tomcat started on port(s): 8001 (http) with context path '/member'
2025-01-15 16:55:59.594 INFO  com.java.member.config.MemberApplication          :57   [32m                  [0;39m Started MemberApplication in 0.561 seconds (process running for 21975.785)
2025-01-15 16:55:59.595 INFO  o.s.b.d.a.ConditionEvaluationDeltaLoggingListener :63   [32m                  [0;39m Condition evaluation unchanged
2025-01-15 16:55:59.596 INFO  com.java.member.config.MemberApplication          :21   [32m                  [0;39m Success Start!
2025-01-15 16:55:59.596 INFO  com.java.member.config.MemberApplication          :22   [32m                  [0;39m Listening on 	http://127.0.0.1:8001/member/hello
2025-01-15 17:00:21.035 INFO  o.a.c.c.C.[Tomcat].[localhost].[/member]          :173  [32m                  [0;39m Initializing Spring DispatcherServlet 'dispatcherServlet'
2025-01-15 17:00:21.036 INFO  org.springframework.web.servlet.DispatcherServlet :525  [32m                  [0;39m Initializing Servlet 'dispatcherServlet'
2025-01-15 17:00:21.037 INFO  org.springframework.web.servlet.DispatcherServlet :547  [32m                  [0;39m Completed initialization in 1 ms
2025-01-15 17:37:17.123 INFO  o.s.b.d.a.LocalDevToolsAutoConfiguration$RestartingClassPathChangeChangedEventListener:211  [32m                  [0;39m Restarting due to 1 class path change (0 additions, 0 deletions, 1 modification)
2025-01-15 17:37:17.133 INFO  org.apache.coyote.http11.Http11NioProtocol        :173  [32m                  [0;39m Pausing ProtocolHandler ["http-nio-8001"]
2025-01-15 17:37:17.133 INFO  org.apache.catalina.core.StandardService          :173  [32m                  [0;39m Stopping service [Tomcat]
2025-01-15 17:37:17.133 INFO  o.a.c.c.C.[Tomcat].[localhost].[/member]          :173  [32m                  [0;39m Destroying Spring FrameworkServlet 'dispatcherServlet'
2025-01-15 17:37:17.134 INFO  org.apache.coyote.http11.Http11NioProtocol        :173  [32m                  [0;39m Stopping ProtocolHandler ["http-nio-8001"]
2025-01-15 17:37:17.135 INFO  org.apache.coyote.http11.Http11NioProtocol        :173  [32m                  [0;39m Destroying ProtocolHandler ["http-nio-8001"]
2025-01-15 17:37:17.329 INFO  com.java.member.config.MemberApplication          :51   [32m                  [0;39m Starting MemberApplication using Java 17.0.2 with PID 10600 (D:\Java_Project\train\member\target\classes started by ShaoyuChen in D:\Java_Project\train)
2025-01-15 17:37:17.329 INFO  com.java.member.config.MemberApplication          :630  [32m                  [0;39m No active profile set, falling back to 1 default profile: "default"
2025-01-15 17:37:17.458 INFO  o.springframework.cloud.context.scope.GenericScope:282  [32m                  [0;39m BeanFactory id=48127f96-07f5-3ac5-99c5-e6fe52ea15b1
2025-01-15 17:37:17.484 INFO  o.s.boot.web.embedded.tomcat.TomcatWebServer      :114  [32m                  [0;39m Tomcat initialized with port(s): 8001 (http)
2025-01-15 17:37:17.484 INFO  org.apache.coyote.http11.Http11NioProtocol        :173  [32m                  [0;39m Initializing ProtocolHandler ["http-nio-8001"]
2025-01-15 17:37:17.484 INFO  org.apache.catalina.core.StandardService          :173  [32m                  [0;39m Starting service [Tomcat]
2025-01-15 17:37:17.484 INFO  org.apache.catalina.core.StandardEngine           :173  [32m                  [0;39m Starting Servlet engine: [Apache Tomcat/10.1.1]
2025-01-15 17:37:17.498 INFO  o.a.c.c.C.[Tomcat].[localhost].[/member]          :173  [32m                  [0;39m Initializing Spring embedded WebApplicationContext
2025-01-15 17:37:17.498 INFO  o.s.b.w.s.c.ServletWebServerApplicationContext    :291  [32m                  [0;39m Root WebApplicationContext: initialization completed in 167 ms
2025-01-15 17:37:17.543 INFO  o.s.b.d.autoconfigure.OptionalLiveReloadServer    :59   [32m                  [0;39m LiveReload server is running on port 35729
2025-01-15 17:37:17.668 INFO  org.apache.coyote.http11.Http11NioProtocol        :173  [32m                  [0;39m Starting ProtocolHandler ["http-nio-8001"]
2025-01-15 17:37:17.671 INFO  o.s.boot.web.embedded.tomcat.TomcatWebServer      :226  [32m                  [0;39m Tomcat started on port(s): 8001 (http) with context path '/member'
2025-01-15 17:37:17.785 INFO  com.java.member.config.MemberApplication          :57   [32m                  [0;39m Started MemberApplication in 0.594 seconds (process running for 24453.976)
2025-01-15 17:37:17.785 INFO  o.s.b.d.a.ConditionEvaluationDeltaLoggingListener :63   [32m                  [0;39m Condition evaluation unchanged
2025-01-15 17:37:17.786 INFO  com.java.member.config.MemberApplication          :21   [32m                  [0;39m Success Start!
2025-01-15 17:37:17.786 INFO  com.java.member.config.MemberApplication          :22   [32m                  [0;39m Listening on 	http://127.0.0.1:8001/member/hello
2025-01-15 17:41:34.664 INFO  o.s.b.d.a.LocalDevToolsAutoConfiguration$RestartingClassPathChangeChangedEventListener:211  [32m                  [0;39m Restarting due to 1 class path change (0 additions, 0 deletions, 1 modification)
2025-01-15 17:41:34.674 INFO  org.apache.coyote.http11.Http11NioProtocol        :173  [32m                  [0;39m Pausing ProtocolHandler ["http-nio-8001"]
2025-01-15 17:41:34.674 INFO  org.apache.catalina.core.StandardService          :173  [32m                  [0;39m Stopping service [Tomcat]
2025-01-15 17:41:34.675 INFO  org.apache.coyote.http11.Http11NioProtocol        :173  [32m                  [0;39m Stopping ProtocolHandler ["http-nio-8001"]
2025-01-15 17:41:34.676 INFO  org.apache.coyote.http11.Http11NioProtocol        :173  [32m                  [0;39m Destroying ProtocolHandler ["http-nio-8001"]
2025-01-15 17:41:34.876 INFO  com.java.member.config.MemberApplication          :51   [32m                  [0;39m Starting MemberApplication using Java 17.0.2 with PID 10600 (D:\Java_Project\train\member\target\classes started by ShaoyuChen in D:\Java_Project\train)
2025-01-15 17:41:34.876 INFO  com.java.member.config.MemberApplication          :630  [32m                  [0;39m No active profile set, falling back to 1 default profile: "default"
2025-01-15 17:41:35.032 INFO  o.springframework.cloud.context.scope.GenericScope:282  [32m                  [0;39m BeanFactory id=48127f96-07f5-3ac5-99c5-e6fe52ea15b1
2025-01-15 17:41:35.061 INFO  o.s.boot.web.embedded.tomcat.TomcatWebServer      :114  [32m                  [0;39m Tomcat initialized with port(s): 8001 (http)
2025-01-15 17:41:35.062 INFO  org.apache.coyote.http11.Http11NioProtocol        :173  [32m                  [0;39m Initializing ProtocolHandler ["http-nio-8001"]
2025-01-15 17:41:35.062 INFO  org.apache.catalina.core.StandardService          :173  [32m                  [0;39m Starting service [Tomcat]
2025-01-15 17:41:35.062 INFO  org.apache.catalina.core.StandardEngine           :173  [32m                  [0;39m Starting Servlet engine: [Apache Tomcat/10.1.1]
2025-01-15 17:41:35.077 INFO  o.a.c.c.C.[Tomcat].[localhost].[/member]          :173  [32m                  [0;39m Initializing Spring embedded WebApplicationContext
2025-01-15 17:41:35.077 INFO  o.s.b.w.s.c.ServletWebServerApplicationContext    :291  [32m                  [0;39m Root WebApplicationContext: initialization completed in 199 ms
2025-01-15 17:41:35.123 INFO  o.s.b.d.autoconfigure.OptionalLiveReloadServer    :59   [32m                  [0;39m LiveReload server is running on port 35729
2025-01-15 17:41:35.249 INFO  org.apache.coyote.http11.Http11NioProtocol        :173  [32m                  [0;39m Starting ProtocolHandler ["http-nio-8001"]
2025-01-15 17:41:35.251 INFO  o.s.boot.web.embedded.tomcat.TomcatWebServer      :226  [32m                  [0;39m Tomcat started on port(s): 8001 (http) with context path '/member'
2025-01-15 17:41:35.359 INFO  com.java.member.config.MemberApplication          :57   [32m                  [0;39m Started MemberApplication in 0.622 seconds (process running for 24711.55)
2025-01-15 17:41:35.360 INFO  o.s.b.d.a.ConditionEvaluationDeltaLoggingListener :63   [32m                  [0;39m Condition evaluation unchanged
2025-01-15 17:41:35.360 INFO  com.java.member.config.MemberApplication          :21   [32m                  [0;39m Success Start!
2025-01-15 17:41:35.360 INFO  com.java.member.config.MemberApplication          :22   [32m                  [0;39m Listening on 	http://127.0.0.1:8001/member/hello
