2025-01-20 11:16:08.151 INFO  o.a.c.c.C.[Tomcat].[localhost].[/member]          :173  [32m                  [0;39m Initializing Spring DispatcherServlet 'dispatcherServlet'
2025-01-20 11:16:08.156 INFO  org.springframework.web.servlet.DispatcherServlet :525  [32m                  [0;39m Initializing Servlet 'dispatcherServlet'
2025-01-20 11:16:08.170 INFO  org.springframework.web.servlet.DispatcherServlet :547  [32m                  [0;39m Completed initialization in 14 ms
2025-01-20 11:16:08.213 INFO  com.java.train.common.aspect.LogAspect            :49   [32m                  [0;39m ------------- 开始 -------------
2025-01-20 11:16:08.215 INFO  com.java.train.common.aspect.LogAspect            :50   [32m                  [0;39m 请求地址: http://localhost:8002/member/hello GET
2025-01-20 11:16:08.215 INFO  com.java.train.common.aspect.LogAspect            :51   [32m                  [0;39m 类名方法: com.java.member.controller.TestController.hello
2025-01-20 11:16:08.215 INFO  com.java.train.common.aspect.LogAspect            :52   [32m                  [0;39m 远程地址: 127.0.0.1
2025-01-20 11:16:08.263 INFO  com.java.train.common.aspect.LogAspect            :73   [32m                  [0;39m 请求参数: []
2025-01-20 11:16:08.263 INFO  com.java.train.common.aspect.LogAspect            :85   [32m                  [0;39m 返回结果: "Hello 123541233sdsa11222233dsadasdadsa3334"
2025-01-20 11:16:08.263 INFO  com.java.train.common.aspect.LogAspect            :86   [32m                  [0;39m ------------- 结束 耗时：52 ms -------------
2025-01-20 11:20:47.667 INFO  com.java.member.config.MemberApplication          :51   [32m                  [0;39m Starting MemberApplication using Java 17.0.2 with PID 5796 (D:\Java_Project\train\member\target\classes started by ShaoyuChen in D:\Java_Project\train)
2025-01-20 11:20:47.670 INFO  com.java.member.config.MemberApplication          :630  [32m                  [0;39m No active profile set, falling back to 1 default profile: "default"
2025-01-20 11:20:48.202 INFO  o.springframework.cloud.context.scope.GenericScope:282  [32m                  [0;39m BeanFactory id=a433b0a0-bd45-38a4-bdb4-a65f344fda18
2025-01-20 11:20:48.584 INFO  o.s.boot.web.embedded.tomcat.TomcatWebServer      :114  [32m                  [0;39m Tomcat initialized with port(s): 8002 (http)
2025-01-20 11:20:48.592 INFO  org.apache.coyote.http11.Http11NioProtocol        :173  [32m                  [0;39m Initializing ProtocolHandler ["http-nio-8002"]
2025-01-20 11:20:48.593 INFO  org.apache.catalina.core.StandardService          :173  [32m                  [0;39m Starting service [Tomcat]
2025-01-20 11:20:48.593 INFO  org.apache.catalina.core.StandardEngine           :173  [32m                  [0;39m Starting Servlet engine: [Apache Tomcat/10.1.1]
2025-01-20 11:20:48.690 INFO  o.a.c.c.C.[Tomcat].[localhost].[/member]          :173  [32m                  [0;39m Initializing Spring embedded WebApplicationContext
2025-01-20 11:20:48.690 INFO  o.s.b.w.s.c.ServletWebServerApplicationContext    :291  [32m                  [0;39m Root WebApplicationContext: initialization completed in 984 ms
2025-01-20 11:20:49.245 INFO  org.apache.coyote.http11.Http11NioProtocol        :173  [32m                  [0;39m Starting ProtocolHandler ["http-nio-8002"]
2025-01-20 11:20:49.261 INFO  o.s.boot.web.embedded.tomcat.TomcatWebServer      :226  [32m                  [0;39m Tomcat started on port(s): 8002 (http) with context path '/member'
2025-01-20 11:20:49.402 INFO  com.java.member.config.MemberApplication          :57   [32m                  [0;39m Started MemberApplication in 2.366 seconds (process running for 2.969)
2025-01-20 11:20:49.404 INFO  com.java.member.config.MemberApplication          :21   [32m                  [0;39m Success Start!
2025-01-20 11:20:49.404 INFO  com.java.member.config.MemberApplication          :22   [32m                  [0;39m Listening on 	http://127.0.0.1:8002/member/hello
