2025-02-03 14:31:03.867 INFO  org.hibernate.validator.internal.util.Version     :21   [32m                  [0;39m HV000001: Hibernate Validator 8.0.0.Final
2025-02-03 14:31:03.951 INFO  com.java.member.config.MemberApplication          :51   [32m                  [0;39m Starting MemberApplication using Java 17.0.2 with PID 159984 (D:\Java_Project\train\member\target\classes started by ShaoyuChen in D:\Java_Project\train)
2025-02-03 14:31:03.953 INFO  com.java.member.config.MemberApplication          :630  [32m                  [0;39m No active profile set, falling back to 1 default profile: "default"
2025-02-03 14:31:04.512 INFO  org.hibernate.validator.internal.util.Version     :21   [32m                  [0;39m HV000001: Hibernate Validator 8.0.0.Final
2025-02-03 14:31:04.566 INFO  com.java.member.config.MemberApplication          :51   [32m                  [0;39m Starting MemberApplication using Java 17.0.2 with PID 204472 (D:\Java_Project\train\member\target\classes started by ShaoyuChen in D:\Java_Project\train)
2025-02-03 14:31:04.567 INFO  com.java.member.config.MemberApplication          :630  [32m                  [0;39m No active profile set, falling back to 1 default profile: "default"
2025-02-03 14:31:05.002 INFO  o.springframework.cloud.context.scope.GenericScope:282  [32m                  [0;39m BeanFactory id=0b7e6759-dcc9-32ec-80cf-617c9a51bff2
2025-02-03 14:31:05.388 INFO  o.springframework.cloud.context.scope.GenericScope:282  [32m                  [0;39m BeanFactory id=0b7e6759-dcc9-32ec-80cf-617c9a51bff2
2025-02-03 14:31:05.636 INFO  o.s.boot.web.embedded.tomcat.TomcatWebServer      :114  [32m                  [0;39m Tomcat initialized with port(s): 8002 (http)
2025-02-03 14:31:05.648 INFO  org.apache.coyote.http11.Http11NioProtocol        :173  [32m                  [0;39m Initializing ProtocolHandler ["http-nio-8002"]
2025-02-03 14:31:05.649 INFO  org.apache.catalina.core.StandardService          :173  [32m                  [0;39m Starting service [Tomcat]
2025-02-03 14:31:05.649 INFO  org.apache.catalina.core.StandardEngine           :173  [32m                  [0;39m Starting Servlet engine: [Apache Tomcat/10.1.1]
2025-02-03 14:31:05.769 INFO  o.a.c.c.C.[Tomcat].[localhost].[/member]          :173  [32m                  [0;39m Initializing Spring embedded WebApplicationContext
2025-02-03 14:31:05.770 INFO  o.s.b.w.s.c.ServletWebServerApplicationContext    :291  [32m                  [0;39m Root WebApplicationContext: initialization completed in 1743 ms
2025-02-03 14:31:05.901 INFO  o.s.boot.web.embedded.tomcat.TomcatWebServer      :114  [32m                  [0;39m Tomcat initialized with port(s): 8002 (http)
2025-02-03 14:31:05.908 INFO  org.apache.coyote.http11.Http11NioProtocol        :173  [32m                  [0;39m Initializing ProtocolHandler ["http-nio-8002"]
2025-02-03 14:31:05.909 INFO  org.apache.catalina.core.StandardService          :173  [32m                  [0;39m Starting service [Tomcat]
2025-02-03 14:31:05.909 INFO  org.apache.catalina.core.StandardEngine           :173  [32m                  [0;39m Starting Servlet engine: [Apache Tomcat/10.1.1]
2025-02-03 14:31:06.019 INFO  o.a.c.c.C.[Tomcat].[localhost].[/member]          :173  [32m                  [0;39m Initializing Spring embedded WebApplicationContext
2025-02-03 14:31:06.020 INFO  o.s.b.w.s.c.ServletWebServerApplicationContext    :291  [32m                  [0;39m Root WebApplicationContext: initialization completed in 1402 ms
2025-02-03 14:31:06.910 INFO  org.apache.coyote.http11.Http11NioProtocol        :173  [32m                  [0;39m Starting ProtocolHandler ["http-nio-8002"]
2025-02-03 14:31:06.943 INFO  o.s.boot.web.embedded.tomcat.TomcatWebServer      :226  [32m                  [0;39m Tomcat started on port(s): 8002 (http) with context path '/member'
2025-02-03 14:31:07.014 INFO  org.apache.coyote.http11.Http11NioProtocol        :173  [32m                  [0;39m Starting ProtocolHandler ["http-nio-8002"]
2025-02-03 14:31:07.019 WARN  o.s.b.w.s.c.AnnotationConfigServletWebServerApplicationContext:592  [32m                  [0;39m Exception encountered during context initialization - cancelling refresh attempt: org.springframework.context.ApplicationContextException: Failed to start bean 'webServerStartStop'
2025-02-03 14:31:07.023 INFO  org.apache.coyote.http11.Http11NioProtocol        :173  [32m                  [0;39m Pausing ProtocolHandler ["http-nio-8002"]
2025-02-03 14:31:07.024 INFO  org.apache.catalina.core.StandardService          :173  [32m                  [0;39m Stopping service [Tomcat]
2025-02-03 14:31:07.029 INFO  org.apache.coyote.http11.Http11NioProtocol        :173  [32m                  [0;39m Stopping ProtocolHandler ["http-nio-8002"]
2025-02-03 14:31:07.030 INFO  org.apache.coyote.http11.Http11NioProtocol        :173  [32m                  [0;39m Destroying ProtocolHandler ["http-nio-8002"]
2025-02-03 14:31:07.038 INFO  o.s.b.a.logging.ConditionEvaluationReportLogger   :82   [32m                  [0;39m 

Error starting ApplicationContext. To display the condition evaluation report re-run your application with 'debug' enabled.
2025-02-03 14:31:07.059 ERROR o.s.b.diagnostics.LoggingFailureAnalysisReporter  :40   [32m                  [0;39m 

***************************
APPLICATION FAILED TO START
***************************

Description:

Web server failed to start. Port 8002 was already in use.

Action:

Identify and stop the process that's listening on port 8002 or configure this application to listen on another port.

2025-02-03 14:31:07.109 INFO  com.java.member.config.MemberApplication          :57   [32m                  [0;39m Started MemberApplication in 4.204 seconds (process running for 5.845)
2025-02-03 14:31:07.112 INFO  com.java.member.config.MemberApplication          :23   [32m                  [0;39m Success Start!
2025-02-03 14:31:07.112 INFO  com.java.member.config.MemberApplication          :24   [32m                  [0;39m Listening on 	http://127.0.0.1:8002/member
2025-02-03 14:34:34.964 INFO  org.apache.coyote.http11.Http11Processor          :175  [32m                  [0;39m Error parsing HTTP request header
 Note: further occurrences of HTTP request parsing errors will be logged at DEBUG level.
java.lang.IllegalArgumentException: The HTTP header line [mobile=121345: ] does not conform to RFC 7230 and has been ignored.
	at org.apache.coyote.http11.Http11InputBuffer.skipLine(Http11InputBuffer.java:1093)
	at org.apache.coyote.http11.Http11InputBuffer.parseHeader(Http11InputBuffer.java:922)
	at org.apache.coyote.http11.Http11InputBuffer.parseHeaders(Http11InputBuffer.java:604)
	at org.apache.coyote.http11.Http11Processor.service(Http11Processor.java:295)
	at org.apache.coyote.AbstractProcessorLight.process(AbstractProcessorLight.java:65)
	at org.apache.coyote.AbstractProtocol$ConnectionHandler.process(AbstractProtocol.java:861)
	at org.apache.tomcat.util.net.NioEndpoint$SocketProcessor.doRun(NioEndpoint.java:1739)
	at org.apache.tomcat.util.net.SocketProcessorBase.run(SocketProcessorBase.java:52)
	at org.apache.tomcat.util.threads.ThreadPoolExecutor.runWorker(ThreadPoolExecutor.java:1191)
	at org.apache.tomcat.util.threads.ThreadPoolExecutor$Worker.run(ThreadPoolExecutor.java:659)
	at org.apache.tomcat.util.threads.TaskThread$WrappingRunnable.run(TaskThread.java:61)
	at java.base/java.lang.Thread.run(Thread.java:833)
2025-02-03 14:35:57.393 INFO  o.a.c.c.C.[Tomcat].[localhost].[/member]          :173  [32m                  [0;39m Initializing Spring DispatcherServlet 'dispatcherServlet'
2025-02-03 14:35:57.393 INFO  org.springframework.web.servlet.DispatcherServlet :525  [32m                  [0;39m Initializing Servlet 'dispatcherServlet'
2025-02-03 14:35:57.394 INFO  org.springframework.web.servlet.DispatcherServlet :547  [32m                  [0;39m Completed initialization in 1 ms
2025-02-03 14:35:57.490 ERROR c.j.t.common.controller.ControllerExceptionHandler:65   [32m                  [0;39m validation error：phone number invalid
2025-02-03 14:38:54.477 ERROR c.j.t.common.controller.ControllerExceptionHandler:65   [32m                  [0;39m validation error：phone number invalid
2025-02-03 14:39:09.287 ERROR c.j.t.common.controller.ControllerExceptionHandler:65   [32m                  [0;39m validation error：phone number invalid
2025-02-03 14:39:22.623 ERROR c.j.t.common.controller.ControllerExceptionHandler:65   [32m                  [0;39m validation error：phone number invalid
2025-02-03 14:40:04.522 INFO  org.hibernate.validator.internal.util.Version     :21   [32m                  [0;39m HV000001: Hibernate Validator 8.0.0.Final
2025-02-03 14:40:04.569 INFO  com.java.member.config.MemberApplication          :51   [32m                  [0;39m Starting MemberApplication using Java 17.0.2 with PID 210692 (D:\Java_Project\train\member\target\classes started by ShaoyuChen in D:\Java_Project\train)
2025-02-03 14:40:04.570 INFO  com.java.member.config.MemberApplication          :630  [32m                  [0;39m No active profile set, falling back to 1 default profile: "default"
2025-02-03 14:40:05.362 INFO  o.springframework.cloud.context.scope.GenericScope:282  [32m                  [0;39m BeanFactory id=0b7e6759-dcc9-32ec-80cf-617c9a51bff2
2025-02-03 14:40:05.944 INFO  o.s.boot.web.embedded.tomcat.TomcatWebServer      :114  [32m                  [0;39m Tomcat initialized with port(s): 8002 (http)
2025-02-03 14:40:05.954 INFO  org.apache.coyote.http11.Http11NioProtocol        :173  [32m                  [0;39m Initializing ProtocolHandler ["http-nio-8002"]
2025-02-03 14:40:05.955 INFO  org.apache.catalina.core.StandardService          :173  [32m                  [0;39m Starting service [Tomcat]
2025-02-03 14:40:05.955 INFO  org.apache.catalina.core.StandardEngine           :173  [32m                  [0;39m Starting Servlet engine: [Apache Tomcat/10.1.1]
2025-02-03 14:40:06.176 INFO  o.a.c.c.C.[Tomcat].[localhost].[/member]          :173  [32m                  [0;39m Initializing Spring embedded WebApplicationContext
2025-02-03 14:40:06.176 INFO  o.s.b.w.s.c.ServletWebServerApplicationContext    :291  [32m                  [0;39m Root WebApplicationContext: initialization completed in 1560 ms
2025-02-03 14:40:07.052 INFO  org.apache.coyote.http11.Http11NioProtocol        :173  [32m                  [0;39m Starting ProtocolHandler ["http-nio-8002"]
2025-02-03 14:40:07.070 INFO  o.s.boot.web.embedded.tomcat.TomcatWebServer      :226  [32m                  [0;39m Tomcat started on port(s): 8002 (http) with context path '/member'
2025-02-03 14:40:07.210 INFO  com.java.member.config.MemberApplication          :57   [32m                  [0;39m Started MemberApplication in 3.411 seconds (process running for 4.043)
2025-02-03 14:40:07.212 INFO  com.java.member.config.MemberApplication          :23   [32m                  [0;39m Success Start!
2025-02-03 14:40:07.213 INFO  com.java.member.config.MemberApplication          :24   [32m                  [0;39m Listening on 	http://127.0.0.1:8002/member
