2025-02-05 05:48:41.686 INFO  reactor.netty.http.server.AccessLog               :279  [32m                  [0;39m 192.168.1.1 - - [05/Feb/2025:05:48:41 -0500] "GET / HTTP/1.1" 404 129 2
2025-02-05 11:42:26.585 INFO  reactor.netty.http.server.AccessLog               :279  [32m                  [0;39m 192.168.1.1 - - [05/Feb/2025:11:42:26 -0500] "GET / HTTP/1.1" 404 129 17
2025-02-05 19:21:54.305 INFO  org.hibernate.validator.internal.util.Version     :21   [32m                  [0;39m HV000001: Hibernate Validator 8.0.0.Final
2025-02-05 19:21:54.348 INFO  com.java.gateway.GateApplication                  :51   [32m                  [0;39m Starting GateApplication using Java 17.0.2 with PID 274804 (D:\Java_Project\train\gateway\target\classes started by ShaoyuChen in D:\Java_Project\train)
2025-02-05 19:21:54.349 INFO  com.java.gateway.GateApplication                  :630  [32m                  [0;39m No active profile set, falling back to 1 default profile: "default"
2025-02-05 19:21:55.021 INFO  o.springframework.cloud.context.scope.GenericScope:282  [32m                  [0;39m BeanFactory id=07114535-f3c9-331d-a2e8-7e6c4d28bfb9
2025-02-05 19:21:55.773 INFO  o.s.c.gateway.route.RouteDefinitionRouteLocator   :88   [32m                  [0;39m Loaded RoutePredicateFactory [After]
2025-02-05 19:21:55.774 INFO  o.s.c.gateway.route.RouteDefinitionRouteLocator   :88   [32m                  [0;39m Loaded RoutePredicateFactory [Before]
2025-02-05 19:21:55.774 INFO  o.s.c.gateway.route.RouteDefinitionRouteLocator   :88   [32m                  [0;39m Loaded RoutePredicateFactory [Between]
2025-02-05 19:21:55.774 INFO  o.s.c.gateway.route.RouteDefinitionRouteLocator   :88   [32m                  [0;39m Loaded RoutePredicateFactory [Cookie]
2025-02-05 19:21:55.774 INFO  o.s.c.gateway.route.RouteDefinitionRouteLocator   :88   [32m                  [0;39m Loaded RoutePredicateFactory [Header]
2025-02-05 19:21:55.774 INFO  o.s.c.gateway.route.RouteDefinitionRouteLocator   :88   [32m                  [0;39m Loaded RoutePredicateFactory [Host]
2025-02-05 19:21:55.774 INFO  o.s.c.gateway.route.RouteDefinitionRouteLocator   :88   [32m                  [0;39m Loaded RoutePredicateFactory [Method]
2025-02-05 19:21:55.774 INFO  o.s.c.gateway.route.RouteDefinitionRouteLocator   :88   [32m                  [0;39m Loaded RoutePredicateFactory [Path]
2025-02-05 19:21:55.774 INFO  o.s.c.gateway.route.RouteDefinitionRouteLocator   :88   [32m                  [0;39m Loaded RoutePredicateFactory [Query]
2025-02-05 19:21:55.774 INFO  o.s.c.gateway.route.RouteDefinitionRouteLocator   :88   [32m                  [0;39m Loaded RoutePredicateFactory [ReadBody]
2025-02-05 19:21:55.774 INFO  o.s.c.gateway.route.RouteDefinitionRouteLocator   :88   [32m                  [0;39m Loaded RoutePredicateFactory [RemoteAddr]
2025-02-05 19:21:55.775 INFO  o.s.c.gateway.route.RouteDefinitionRouteLocator   :88   [32m                  [0;39m Loaded RoutePredicateFactory [XForwardedRemoteAddr]
2025-02-05 19:21:55.775 INFO  o.s.c.gateway.route.RouteDefinitionRouteLocator   :88   [32m                  [0;39m Loaded RoutePredicateFactory [Weight]
2025-02-05 19:21:55.775 INFO  o.s.c.gateway.route.RouteDefinitionRouteLocator   :88   [32m                  [0;39m Loaded RoutePredicateFactory [CloudFoundryRouteService]
2025-02-05 19:21:56.462 INFO  o.s.boot.web.embedded.netty.NettyWebServer        :111  [32m                  [0;39m Netty started on port 8000
2025-02-05 19:21:56.805 INFO  com.java.gateway.GateApplication                  :57   [32m                  [0;39m Started GateApplication in 3.115 seconds (process running for 3.91)
2025-02-05 19:21:56.807 INFO  com.java.gateway.GateApplication                  :20   [32m                  [0;39m Success Start!
2025-02-05 19:21:56.808 INFO  com.java.gateway.GateApplication                  :21   [32m                  [0;39m Listening on 	http://127.0.0.1:8000
2025-02-05 23:47:16.761 INFO  reactor.netty.http.server.AccessLog               :279  [32m                  [0;39m 192.168.1.1 - - [05/Feb/2025:23:47:16 -0500] "GET / HTTP/1.1" 404 129 127
