2025-02-10 15:19:09.199 INFO  org.hibernate.validator.internal.util.Version     :21   [32m                  [0;39m HV000001: Hibernate Validator 8.0.0.Final
2025-02-10 15:19:09.296 INFO  com.java.gateway.GateApplication                  :51   [32m                  [0;39m Starting GateApplication using Java 17.0.2 with PID 12244 (D:\Java_Project\train\gateway\target\classes started by ShaoyuChen in D:\Java_Project\train)
2025-02-10 15:19:09.297 INFO  com.java.gateway.GateApplication                  :630  [32m                  [0;39m No active profile set, falling back to 1 default profile: "default"
2025-02-10 15:19:09.949 INFO  o.springframework.cloud.context.scope.GenericScope:282  [32m                  [0;39m BeanFactory id=07114535-f3c9-331d-a2e8-7e6c4d28bfb9
2025-02-10 15:19:10.731 INFO  o.s.c.gateway.route.RouteDefinitionRouteLocator   :88   [32m                  [0;39m Loaded RoutePredicateFactory [After]
2025-02-10 15:19:10.732 INFO  o.s.c.gateway.route.RouteDefinitionRouteLocator   :88   [32m                  [0;39m Loaded RoutePredicateFactory [Before]
2025-02-10 15:19:10.732 INFO  o.s.c.gateway.route.RouteDefinitionRouteLocator   :88   [32m                  [0;39m Loaded RoutePredicateFactory [Between]
2025-02-10 15:19:10.732 INFO  o.s.c.gateway.route.RouteDefinitionRouteLocator   :88   [32m                  [0;39m Loaded RoutePredicateFactory [Cookie]
2025-02-10 15:19:10.732 INFO  o.s.c.gateway.route.RouteDefinitionRouteLocator   :88   [32m                  [0;39m Loaded RoutePredicateFactory [Header]
2025-02-10 15:19:10.732 INFO  o.s.c.gateway.route.RouteDefinitionRouteLocator   :88   [32m                  [0;39m Loaded RoutePredicateFactory [Host]
2025-02-10 15:19:10.732 INFO  o.s.c.gateway.route.RouteDefinitionRouteLocator   :88   [32m                  [0;39m Loaded RoutePredicateFactory [Method]
2025-02-10 15:19:10.732 INFO  o.s.c.gateway.route.RouteDefinitionRouteLocator   :88   [32m                  [0;39m Loaded RoutePredicateFactory [Path]
2025-02-10 15:19:10.733 INFO  o.s.c.gateway.route.RouteDefinitionRouteLocator   :88   [32m                  [0;39m Loaded RoutePredicateFactory [Query]
2025-02-10 15:19:10.733 INFO  o.s.c.gateway.route.RouteDefinitionRouteLocator   :88   [32m                  [0;39m Loaded RoutePredicateFactory [ReadBody]
2025-02-10 15:19:10.733 INFO  o.s.c.gateway.route.RouteDefinitionRouteLocator   :88   [32m                  [0;39m Loaded RoutePredicateFactory [RemoteAddr]
2025-02-10 15:19:10.733 INFO  o.s.c.gateway.route.RouteDefinitionRouteLocator   :88   [32m                  [0;39m Loaded RoutePredicateFactory [XForwardedRemoteAddr]
2025-02-10 15:19:10.733 INFO  o.s.c.gateway.route.RouteDefinitionRouteLocator   :88   [32m                  [0;39m Loaded RoutePredicateFactory [Weight]
2025-02-10 15:19:10.734 INFO  o.s.c.gateway.route.RouteDefinitionRouteLocator   :88   [32m                  [0;39m Loaded RoutePredicateFactory [CloudFoundryRouteService]
2025-02-10 15:19:11.299 INFO  o.s.boot.web.embedded.netty.NettyWebServer        :111  [32m                  [0;39m Netty started on port 8000
2025-02-10 15:19:11.648 INFO  com.java.gateway.GateApplication                  :57   [32m                  [0;39m Started GateApplication in 3.143 seconds (process running for 3.883)
2025-02-10 15:19:11.653 INFO  com.java.gateway.GateApplication                  :20   [32m                  [0;39m Success Start!
2025-02-10 15:19:11.653 INFO  com.java.gateway.GateApplication                  :21   [32m                  [0;39m Listening on 	http://127.0.0.1:8000
2025-02-10 17:10:37.832 INFO  org.hibernate.validator.internal.util.Version     :21   [32m                  [0;39m HV000001: Hibernate Validator 8.0.0.Final
2025-02-10 17:10:37.865 INFO  com.java.gateway.GateApplication                  :51   [32m                  [0;39m Starting GateApplication using Java 17.0.2 with PID 21860 (D:\Java_Project\train\gateway\target\classes started by ShaoyuChen in D:\Java_Project\train)
2025-02-10 17:10:37.866 INFO  com.java.gateway.GateApplication                  :630  [32m                  [0;39m No active profile set, falling back to 1 default profile: "default"
2025-02-10 17:10:38.408 INFO  o.springframework.cloud.context.scope.GenericScope:282  [32m                  [0;39m BeanFactory id=07114535-f3c9-331d-a2e8-7e6c4d28bfb9
2025-02-10 17:10:39.026 INFO  o.s.c.gateway.route.RouteDefinitionRouteLocator   :88   [32m                  [0;39m Loaded RoutePredicateFactory [After]
2025-02-10 17:10:39.027 INFO  o.s.c.gateway.route.RouteDefinitionRouteLocator   :88   [32m                  [0;39m Loaded RoutePredicateFactory [Before]
2025-02-10 17:10:39.027 INFO  o.s.c.gateway.route.RouteDefinitionRouteLocator   :88   [32m                  [0;39m Loaded RoutePredicateFactory [Between]
2025-02-10 17:10:39.027 INFO  o.s.c.gateway.route.RouteDefinitionRouteLocator   :88   [32m                  [0;39m Loaded RoutePredicateFactory [Cookie]
2025-02-10 17:10:39.027 INFO  o.s.c.gateway.route.RouteDefinitionRouteLocator   :88   [32m                  [0;39m Loaded RoutePredicateFactory [Header]
2025-02-10 17:10:39.027 INFO  o.s.c.gateway.route.RouteDefinitionRouteLocator   :88   [32m                  [0;39m Loaded RoutePredicateFactory [Host]
2025-02-10 17:10:39.027 INFO  o.s.c.gateway.route.RouteDefinitionRouteLocator   :88   [32m                  [0;39m Loaded RoutePredicateFactory [Method]
2025-02-10 17:10:39.027 INFO  o.s.c.gateway.route.RouteDefinitionRouteLocator   :88   [32m                  [0;39m Loaded RoutePredicateFactory [Path]
2025-02-10 17:10:39.027 INFO  o.s.c.gateway.route.RouteDefinitionRouteLocator   :88   [32m                  [0;39m Loaded RoutePredicateFactory [Query]
2025-02-10 17:10:39.028 INFO  o.s.c.gateway.route.RouteDefinitionRouteLocator   :88   [32m                  [0;39m Loaded RoutePredicateFactory [ReadBody]
2025-02-10 17:10:39.028 INFO  o.s.c.gateway.route.RouteDefinitionRouteLocator   :88   [32m                  [0;39m Loaded RoutePredicateFactory [RemoteAddr]
2025-02-10 17:10:39.028 INFO  o.s.c.gateway.route.RouteDefinitionRouteLocator   :88   [32m                  [0;39m Loaded RoutePredicateFactory [XForwardedRemoteAddr]
2025-02-10 17:10:39.028 INFO  o.s.c.gateway.route.RouteDefinitionRouteLocator   :88   [32m                  [0;39m Loaded RoutePredicateFactory [Weight]
2025-02-10 17:10:39.028 INFO  o.s.c.gateway.route.RouteDefinitionRouteLocator   :88   [32m                  [0;39m Loaded RoutePredicateFactory [CloudFoundryRouteService]
2025-02-10 17:10:39.500 INFO  o.s.boot.web.embedded.netty.NettyWebServer        :111  [32m                  [0;39m Netty started on port 8000
2025-02-10 17:10:39.814 INFO  com.java.gateway.GateApplication                  :57   [32m                  [0;39m Started GateApplication in 2.514 seconds (process running for 3.166)
2025-02-10 17:10:39.816 INFO  com.java.gateway.GateApplication                  :20   [32m                  [0;39m Success Start!
2025-02-10 17:10:39.817 INFO  com.java.gateway.GateApplication                  :21   [32m                  [0;39m Listening on 	http://127.0.0.1:8000
2025-02-10 17:10:48.441 INFO  reactor.netty.http.server.AccessLog               :279  [32m                  [0;39m 0:0:0:0:0:0:0:1 - - [10/Feb/2025:17:10:48 -0500] "OPTIONS /member/member/send-code HTTP/1.1" 403 0 69
2025-02-10 17:11:15.668 INFO  reactor.netty.http.server.AccessLog               :279  [32m                  [0;39m 0:0:0:0:0:0:0:1 - - [10/Feb/2025:17:11:15 -0500] "OPTIONS /member/member/send-code HTTP/1.1" 403 0 1
2025-02-10 17:12:27.588 INFO  reactor.netty.http.server.AccessLog               :279  [32m                  [0;39m 0:0:0:0:0:0:0:1 - - [10/Feb/2025:17:12:27 -0500] "OPTIONS /member/member/send-code HTTP/1.1" 403 0 1
2025-02-10 17:37:48.859 INFO  reactor.netty.http.server.AccessLog               :279  [32m                  [0;39m 192.168.1.1 - - [10/Feb/2025:17:37:48 -0500] "GET / HTTP/1.1" 404 129 80
2025-02-10 23:48:38.864 INFO  reactor.netty.http.server.AccessLog               :279  [32m                  [0;39m 192.168.1.1 - - [10/Feb/2025:23:48:38 -0500] "GET / HTTP/1.1" 404 129 2
